Case #1: 0 10 20 47 -1
Case #2: 0 -1 -1 -1 -1 -1 -1 -1
Case #3: 0 -1 -1 -1 -1 -1 -1 -1
Case #4: 0 -1 -1 -1 -1 -1
Case #5: 0 -1 146 146 71
Case #6: 0 33 -1 -1 -1 -1 -1 -1
Case #7: 0 -1 -1 -1 -1
Case #8: 0 42 21 102 42 42
Case #9: 0 -1 -1 -1 -1 -1
Case #10: 0 -1 -1 -1 -1 -1 -1 -1 -1
Case #11: 0 123 129 -1 59 59 129
Case #12: 0 -1 -1 -1 -1 -1 -1 -1
Case #13: 0 17 79 -1 17
Case #14: 0 26 -1 -1 -1 -1 -1
Case #15: 0 51 51 31 31
Case #16: 0 72 20 53 20
Case #17: 0 28 -1 -1 -1 96 -1
Case #18: 0 28 57 28 -1
Case #19: 0 128 68 68 131 68 -1 68
Case #20: 0 69 -1 -1 193 143
Case #21: 0 75 48 48 48
Case #22: 0 41 -1 -1 116 -1 83 116
Case #23: 0 -1 92 23 -1 -1
Case #24: 0 59 59 142 -1 -1 -1 142 25
Case #25: 0 44 -1 -1 -1
Case #26: 0 44 19 136 83 114
Case #27: 0 -1 163 209 126 -1 39 39 -1
Case #28: 0 -1 -1 73 -1 -1
Case #29: 0 42 90 107 42 132
Case #30: 0 40 140 119 82 82
Case #31: 0 -1 -1 -1 -1 -1 42 -1 -1
Case #32: 0 -1 -1 98 98 98 45
Case #33: 0 -1 -1 -1 -1 -1 -1 -1
Case #34: 0 -1 -1 -1 -1
Case #35: 0 -1 129 153 153 153 64 129 215
Case #36: 0 -1 -1 -1 -1 -1 -1 -1
Case #37: 0 51 99 51 -1 -1
Case #38: 0 -1 -1 -1 -1 -1
Case #39: 0 119 59 180 119
Case #40: 0 -1 -1 -1 -1 -1 -1
Case #41: 0 -1 -1 -1 -1 52 -1
Case #42: 0 -1 -1 -1 -1 24 -1 -1 -1
Case #43: 0 -1 -1 -1 -1 -1 -1 -1
Case #44: 0 -1 -1 -1 54
Case #45: 0 -1 -1 -1 -1 -1 -1 -1 -1
Case #46: 0 -1 -1 -1 -1 -1
Case #47: 0 92 39 39 -1
Case #48: 0 135 -1 -1 24 -1 68 -1 24
Case #49: 0 53 -1 -1 -1 27 -1
Case #50: 0 81 81 124 81 149
Case #51: 0 -1 -1 -1 -1 -1
Case #52: 0 -1 -1 -1 -1 -1 -1 -1
Case #53: 0 -1 -1 -1 -1 -1 -1 50
Case #54: 0 -1 -1 -1 -1 -1
Case #55: 0 -1 159 -1 79 -1 -1 -1 56
Case #56: 0 91 40 91 91 40 162
Case #57: 0 -1 -1 -1 -1 -1 -1 -1 -1
Case #58: 0 53 77 109 86 53
Case #59: 0 35 -1 -1 -1
Case #60: 0 20 54 20 54
Case #61: 0 -1 -1 -1 -1 -1 -1 59
Case #62: 0 -1 -1 -1 -1 -1 -1 -1 -1
Case #63: 0 -1 -1 -1 -1
Case #64: 0 112 -1 44 112 -1 -1
Case #65: 0 -1 -1 -1 -1 -1 -1 -1 -1
Case #66: 0 46 97 -1 46 174 -1
Case #67: 0 99 -1 257 166 66 304
Case #68: 0 72 -1 -1 72 -1 28 28 -1
Case #69: 0 -1 -1 -1 -1 -1
Case #70: 0 25 25 25 76
Case #71: 0 -1 -1 101 154 -1 -1 -1 66
Case #72: 0 -1 53 -1 -1 53 -1
Case #73: 0 37 37 95 -1 37
Case #74: 0 -1 -1 -1 -1 -1 -1
Case #75: 0 -1 -1 -1 -1 -1 -1 -1 -1
Case #76: 0 -1 -1 158 89 158 -1 20 -1
Case #77: 0 -1 -1 -1 62 -1 -1 -1
Case #78: 0 39 39 71 39
Case #79: 0 63 40 40 63
Case #80: 0 -1 -1 -1 -1 29 -1
Case #81: 0 -1 -1 -1 14 58 14
Case #82: 0 -1 -1 -1 -1
Case #83: 0 315 298 85 238 -1 238 165
Case #84: 0 -1 -1 -1 -1 -1 -1 -1
Case #85: 0 55 20 73 20
Case #86: 0 36 -1 90 66
Case #87: 0 -1 -1 -1 -1 -1 -1 -1 -1
Case #88: 0 -1 -1 -1 -1 -1 -1
Case #89: 0 20 63 89 20 -1 20
Case #90: 0 81 -1 -1 -1 -1 -1 -1 -1
Case #91: 0 35 58 -1 35 58
Case #92: 0 -1 -1 -1 -1 -1 -1 -1
Case #93: 0 -1 -1 -1 -1 -1 -1
Case #94: 0 -1 -1 -1 -1 -1 -1 -1 -1
Case #95: 0 52 52 -1 52 -1 69 52 72
Case #96: 0 67 -1 86 21
Case #97: 0 -1 -1 -1 -1 -1 -1
Case #98: 0 61 -1 131 106
Case #99: 0 -1 -1 -1 73 -1 -1 -1
Case #100: 0 -1 -1 -1 -1 -1 -1 -1 -1
Case #101: 0 -1 -1 -1 -1
Case #102: 0 -1 -1 379 223 100 168 -1 700 100 -1 462 425 679 700 248 100 462 679 -1 223
Case #103: 0 325 425 615 -1 502 307 307 421 560 325 264 336 421 646 475 164 498 164 425
Case #104: 0 -1 109 531 665 -1 291 -1 109 351 665 -1 351 -1 -1 282 -1 221 531 -1 -1 -1
Case #105: 0 373 223 -1 170 47 283 406 110 223 -1 283
Case #106: 0 -1 -1 -1 -1 -1 -1 -1 -1 -1 -1 -1 -1 -1 -1 -1 -1 -1 -1 -1 -1 -1
Case #107: 0 746 -1 -1 422 -1 498 331 84 582 193 -1 331 422 -1 249 174 146
Case #108: 0 770 214 372 623 -1 203 -1 623 214 214 -1 203 545 842 -1
Case #109: 0 102 593 102 311 610 -1 508 326 748 -1 699 -1 508 -1 797 326 820 508 311 494
Case #110: 0 373 399 299 231 318 484 415 119 234 119 426 318 399 318 231 231
Case #111: 0 -1 -1 174 -1 -1 -1 -1 329 174 300 209 147 174 209 174
Case #112: 0 91 -1 -1 -1 -1 -1 -1 -1 -1 -1 -1 -1 -1 91 -1 91 -1 -1
Case #113: 0 70 70 -1 -1 -1 429 -1 -1 -1 160 70 70 -1 -1 -1 70
Case #114: 0 822 214 214 392 481 392 481 457 612 396 716 961
Case #115: 0 -1 -1 -1 -1 -1 -1 -1 -1 -1 -1 -1
Case #116: 0 -1 -1 -1 -1 -1 -1 -1 -1 -1 -1 -1 -1 -1 -1 -1
Case #117: 0 -1 -1 -1 -1 -1 -1 -1 -1 -1 -1 -1 -1 -1 -1 -1 -1
Case #118: 0 496 392 368 834 620 496 368 121 880 121 644 644 620 620 620
Case #119: 0 408 280 221 280 339 160 221 160 160 280 221 160 302
Case #120: 0 -1 -1 -1 -1 -1 -1 -1 -1 -1 -1 -1 -1 -1 -1 -1 -1 -1 -1 -1 -1 -1
Case #121: 0 168 101 168 109 237 270 168 168 210 274 214
Case #122: 0 382 -1 463 -1 -1 610 382 382 189 308 382 -1 -1 -1 382 -1 -1
Case #123: 0 413 609 234 297 297 587 531 380 297 297 531 548 522 531
Case #124: 0 -1 -1 -1 -1 -1 -1 -1 -1 -1 -1 -1 -1 -1 -1 -1 -1 -1 -1 -1 -1 -1
Case #125: 0 204 328 210 445 483 417 210 273 456 365 210 483 429 118
Case #126: 0 500 -1 638 474 474 198 198 652 914 -1 474 302 809 298 607 667 747 302 479 617 1029
Case #127: 0 636 784 598 565 637 234 565 147 701 700 565 565 565 772 565 565 628 421
Case #128: 0 -1 358 -1 551 -1 129 129 -1 242 -1 263 129 151 -1
Case #129: 0 -1 -1 -1 -1 -1 -1 -1 -1 -1 -1 -1 -1 -1 -1 -1 -1 -1 -1
Case #130: 0 -1 -1 -1 -1 -1 -1 -1 -1 -1 -1 -1 -1 -1 -1 -1 -1 -1 -1 -1 -1 -1
Case #131: 0 -1 -1 -1 -1 -1 -1 -1 -1 -1 -1 -1 -1 -1 -1 -1 -1 -1 -1
Case #132: 0 122 135 316 354 135 135 -1 196 187 122 56 135
Case #133: 0 -1 -1 -1 -1 -1 -1 -1 -1 -1 -1 -1 -1 -1 -1 -1 -1 -1 -1 -1 -1 -1
Case #134: 0 129 266 299 253 266 274 343 253 253 299 336 253
Case #135: 0 150 71 -1 71 285 230 150 296 -1 -1 285 -1 418 -1 -1 -1 -1
Case #136: 0 -1 -1 -1 -1 -1 -1 -1 -1 -1 -1 -1 -1 -1 -1
Case #137: 0 -1 -1 -1 -1 -1 -1 -1 -1 -1 -1 -1
Case #138: 0 -1 -1 -1 -1 -1 -1 -1 -1 165 -1 -1 -1 213 -1 -1 -1 -1 -1 213
Case #139: 0 588 366 479 479 582 153 479 479 479 297 486 410 297 366 366
Case #140: 0 -1 -1 260 502 -1 -1 -1 -1 -1 502 659 -1 260 260 -1 -1
Case #141: 0 522 94 778 626 481 648 274 274 430 430 648 94 610 274 481 391
Case #142: 0 -1 -1 -1 164 -1 -1 164 264 -1 -1 -1 -1 -1 164 231 -1
Case #143: 0 -1 -1 -1 -1 -1 -1 -1 -1 -1 -1 -1 -1 -1 -1
Case #144: 0 -1 -1 -1 -1 -1 -1 -1 -1 -1 -1 -1 -1 -1 -1 -1
Case #145: 0 203 -1 -1 -1 -1 130 -1 -1 -1 -1 -1 203 -1
Case #146: 0 -1 -1 -1 -1 -1 -1 -1 -1 -1 -1 -1 -1 -1 -1 -1 -1 -1 141 -1 -1
Case #147: 0 212 645 381 -1 248 212 538 -1 -1 344 460 645
Case #148: 0 469 782 246 466 243 469 355 626 -1 478 246 819 735 355 -1 559 -1 223
Case #149: 0 -1 -1 -1 -1 161 -1 -1 -1 161 -1 -1 -1 -1 -1 66 -1 112 -1 -1 -1 -1 -1
Case #150: 0 -1 -1 -1 -1 -1 -1 -1 -1 -1 -1 -1 -1 -1 86 -1 -1 -1 -1 -1 -1
Case #151: 0 778 655 -1 157 157 -1 252 -1 -1 398 398 417 -1 623 -1
Case #152: 0 500 -1 -1 127 -1 -1 635 500 693 635 -1 258 168 377 -1 168 -1 287 -1 -1
Case #153: 0 -1 -1 -1 -1 -1 -1 -1 -1 -1 -1 -1 -1 -1 -1 -1 -1 -1 -1
Case #154: 0 163 -1 -1 163 377 -1 493 493 591 -1 -1 266 -1 377 493
Case #155: 0 -1 -1 346 -1 173 346 -1 -1 -1 -1 346 -1 -1
Case #156: 0 -1 -1 -1 -1 -1 -1 -1 -1 -1 -1 -1 -1 -1 -1
Case #157: 0 -1 -1 -1 -1 -1 -1 -1 -1 -1 -1 -1 -1 -1 -1 -1 -1
Case #158: 0 -1 -1 -1 -1 -1 -1 -1 -1 -1 -1 -1 -1 -1 -1 -1 -1 -1 -1 -1
Case #159: 0 -1 208 -1 -1 -1 160 353 439 208 -1 -1 -1 -1 -1 241 -1 99
Case #160: 0 140 470 320 320 320 453 534 349 349 320 140
Case #161: 0 -1 -1 -1 -1 -1 -1 -1 -1 -1 -1 -1 -1
Case #162: 0 -1 -1 -1 -1 -1 -1 -1 -1 -1 -1 138 -1 -1 -1 -1 -1
Case #163: 0 286 1249 1249 206 1107 -1 1005 651 570 -1 1247 490 1107 206 -1 1107 795 206 -1 1005 206
Case #164: 0 -1 -1 -1 -1 -1 -1 -1 -1 -1 -1 -1 -1 -1 -1 -1
Case #165: 0 -1 -1 -1 -1 -1 -1 -1 -1 -1 -1 -1 -1 -1 -1 -1 156 -1 156 -1 -1 -1 156
Case #166: 0 -1 -1 -1 -1 -1 -1 -1 -1 -1 -1 163 -1 -1 -1 -1 -1 -1 -1 -1
Case #167: 0 253 209 87 -1 209 275 188 271 253 87 271 87 209 313 441 209
Case #168: 0 -1 -1 -1 -1 -1 -1 -1 -1 -1 -1 -1 -1 -1 -1 -1 -1 -1 -1
Case #169: 0 -1 -1 -1 269 269 -1 -1 92 -1 -1 92 269 92 -1 -1 -1 -1 -1 -1 -1
Case #170: 0 -1 -1 -1 -1 -1 -1 -1 -1 -1 -1 -1 -1 -1 -1 -1 -1 -1 -1 -1 -1
Case #171: 0 -1 -1 214 -1 -1 -1 148 135 66 -1 -1 -1 -1
Case #172: 0 195 414 292 405 292 292 195 421 405 292 195 292
Case #173: 0 -1 -1 -1 -1 -1 -1 -1 -1 -1 -1 77 -1 -1 -1 -1 -1 -1 -1
Case #174: 0 435 -1 -1 272 -1 204 -1 204 -1 -1 401 204 272 -1 499 435
Case #175: 0 -1 -1 -1 -1 -1 -1 -1 -1 -1 -1 -1 -1 -1 -1 -1 -1 -1
Case #176: 0 273 224 167 167 167 216 324 167 62 97 216 324 97
Case #177: 0 -1 -1 -1 -1 -1 -1 -1 -1 -1 -1 -1 -1 -1 -1
Case #178: 0 -1 -1 -1 -1 -1 -1 -1 -1 -1 -1 -1 -1 121 -1 -1 -1 -1 -1 -1 -1 -1
Case #179: 0 336 804 -1 116 371 -1 252 561 -1 116 405
Case #180: 0 331 138 248 138 138 244 177 329 138 177 294
Case #181: 0 -1 -1 -1 -1 -1 -1 -1 -1 -1 -1 -1 -1 -1 -1
Case #182: 0 353 459 353 547 -1 -1 -1 -1 478 288 547 222 478 387 475 288 353 288 387 409
Case #183: 0 864 592 250 595 433 197 416 507 388 683 317 317 250 317 317
Case #184: 0 144 144 279 156 122 210 51 174 -1 122 173 117 51 210
Case #185: 0 -1 -1 -1 -1 -1 -1 -1 -1 -1 -1 -1 -1 -1 -1 -1 -1 -1 -1 -1 -1
Case #186: 0 -1 -1 -1 -1 -1 -1 -1 -1 -1 52 -1 -1 -1 -1 -1 -1 -1
Case #187: 0 411 353 163 179 43 111 151 205 219 476 43
Case #188: 0 87 -1 369 -1 -1 369 -1 -1 -1 -1 -1 -1 -1
Case #189: 0 248 497 544 544 167 248 567 497 401 352 298 -1 351 499
Case #190: 0 -1 64 150 -1 -1 150 -1 -1 -1 -1 -1 -1 -1 64 -1 -1
Case #191: 0 -1 259 259 534 275 534 -1 259 -1 357 259 98 357 448
Case #192: 0 -1 -1 -1 -1 -1 -1 -1 -1 -1 -1 -1 -1
Case #193: 0 738 -1 335 -1 446 204 -1 372 -1 459 504 597 347 576 143 519 372 315 -1 597 315 -1
Case #194: 0 207 272 258 362 -1 365 66 -1 362 255 -1
Case #195: 0 -1 1036 854 393 1036 -1 511 -1 -1 -1 208 -1 854 854 619 -1 1041 393 1041 -1 737
Case #196: 0 -1 -1 -1 -1 -1 -1 -1 -1 -1 -1 -1 -1 -1
Case #197: 0 50 -1 -1 50 586 -1 -1 -1 -1 -1 -1 404 -1 -1 108
Case #198: 0 -1 -1 -1 -1 -1 -1 -1 -1 140 -1 -1 -1 -1 -1
Case #199: 0 476 265 387 545 351 166 265 351 387 274 274 438 166 166 274 274
Case #200: 0 -1 -1 -1 -1 -1 -1 -1 -1 -1 -1 -1 -1 -1 -1 -1 -1
Case #201: 0 -1 -1 -1 -1 -1 -1 -1 84 -1 -1 -1 -1 -1 -1 -1 78 -1
Case #202: 0 401 691 626 401 401 401 401 401 401 626 608 401 401 683 401 401 401 401 739 401 401 401 626 401 615 401 401 401 616 401 626 401 698 401 613 691 608 401 746 616 401 691 626 683 401 401 401 691 401 616 401 401 401 401
Case #203: 0 1810 1563 1810 1810 1848 1563 1563 1810 2078 1810 1810 2031 1882 1810 1810 2166 1807 2062 1879 1563 2118 1882 2341 1810 2031 1810 1810 1848 1810 1563 1810 1563 2031 1810 1879 2089 1563 2330 1715 1810 2089 1563 1985 1810 1810 1810 1925 1563 1563 1810 1563 1048 1879 1848 1879 2031 2089 1563 1140 1810 2031 1810 1810 1985 1563 2151 1810 1879 1810 1985 1563 1755 2089 1807 2118 1810 -1 1810 2031 2330 1563 1048
Case #204: 0 681 718 917 718 263 718 718 718 718 718 483 718 718 718 681 718 718 718 718 718 681 718 718 718 746 681 953 718 855 681 718 681 681 718 897 855 718 718 855 897 483 718 718 718 718 718 681 718 718 681 718 897 681 718 718 897 897 718 681 483 718 718 718 718 1140 718 718 855 718 897 746 718 718 897 718 718 718 718 896 855 718 718
Case #205: 0 1107 1107 1107 1155 1360 1107 848 1147 1107 848 1341 1026 1354 1026 1107 1381 1020 1398 1259 584 584 1094 1107 1020 930 893 930 1107 1107 1107 1107 1107 1354 934 848 848 893 1094 1142 1401 1259 1155 893 680 1107 1107 1147 1218 1239 1259 1259 848 989 1147 680 1107 1147 1154 893 1107 1107 1107 1308 1107 584 1287 848 1107
Case #206: 0 1946 1663 1946 -1 3635 3071 3189 988 4847 3532 1008 3092 2262 1663 5444 2366 2783 2952 3189 1315 -1 1663 528 2765 2795 3652 2133 -1 1406 3347 1008 528 2783 4203 1903 1406 2795 2366 1946 2268 1663 3585 528 3189 2133 2194 1386 3476 -1 2795 2765 -1 3647 -1 3440 3092 2443 2443 1946 4674 2268 4139 1406 528 1008
Case #207: 0 1455 919 1370 1099 1221 1095 1389 1370 1155 1753 919 831 1139 1084 911 1099 1222 1154 1543 1412 1005 831 596 1370 1075 -1 596 919 1496 1284 1095 1038 1005 987 1430 596 596 1095 1547 1155 -1 824 1370 824 919 1632 1522 1840 1075 1357 1122 831 1075 1154 1099 1331 1175 1302 987 1368 1084 1075 1038 831 1038 1240 1135 1139 1099 1135 1231 1314 1097 1099 596 824 1038 1243 1099 1129 1419 1095 1155 1370 1097 1469 1038 840 596 1386 824 1075 1314 1317 1038
Case #208: 0 1752 2107 2420 2420 2179 2639 1156 1745 2517 1545 2016 1696 1583 2479 1186 2466 2463 2179 2149 1854 2479 2186 2179 1927 1590 1186 2479 2496 1186 2208 2644 2644 1854 2016 2450 2398 2417 2340 2251 1752 2107 2420 2584 2093 2069 590 2253 2186 2069 2179 2479 1752 1927 2247 2364 2208 2111 2016 2069 1854 1752 1745 2253 2111 2179 2186 2815 1745 2642 1752 1696 2466 2371 2235 1752
Case #209: 0 874 834 874 779 917 685 783 414 607 607 607 813 666 747 975 834 549 896 666 874 665 665 978 896 727 414 783 779 747 666 727 549 842 855 813 747 868 896 676 748 414 676 883 848 685 788 848 666 665 607 727 748 665 374 607 685 607 374 917 607 414 414 699 934 665
Case #210: 0 1049 1142 1049 1049 1315 1052 1049 862 1049 1049 1049 1142 1049 1049 1049 1049 740 1142 1206 618 1049 1142 877 1142 352 1142 954 1049 653 1142 954 1049 352 954 1315 1049 1142 1049 954 735 352 954 352 740 1049 1049 1049 1083 1142 352 954 1142 653 653 653 1049 1142 735 1277 740 1049 954 1049 1049 735 1142 740 1142 1049 1142 954 1052
Case #211: 0 1092 504 1068 1281 1421 931 1350 1331 1270 1111 941 1290 1319 1381 1092 696 669 1281 962 1385 1094 1381 1270 924 1421 1111 1576 924 1105 962 1001 1240 1421 941 696 924 1111 1092 924 1270 1281 1385 1105 1116 1421 669 1281 1681 1001 669 1331 1290 504 1022 1111 669 1319 1050 1050 962 1270 669 1654 1022 669 1446 931 1092 1511 941 1554 931 1001 1116 1281 1509 1094 1643 1105 941 1094 504 1579 962 1283 1216 941 1094 1187 1385 1116 504 1385
Case #212: 0 1134 343 661 1368 1660 1599 1567 1927 2094 820 343 1158 806 1482 1283 1244 1608 1244 1796 1667 1189 1244 1707 820 1260 1175 1323 343 1691 1837 1707 1004 1453 1256 932 1165 1261 1077 1077 601 1401 1077 806 1519 1140 1260 1189 1583 1283 1395 896 1372 1372 1302 779 1401 1576 1158 1690 601 1373 343 806 820 1283 1395 1576 1302 779 779 638 896 343 1283 1283 1597 820 1140 1707 1115 820 1440
Case #213: 0 1745 365 1345 1157 1345 1436 1308 1436 1157 1436 1554 1532 1157 1157 1157 997 1912 1857 1345 1345 1345 664 1561 1157 995 1157 874 1710 995 1436 1345 1345 997 1157 1313 1313 1157 1157 1157 664 1720 1157 1157 1157 1313 995 1157 1907 1345 1345 1436 1198 1324 1889 696 1157 1157 1345 1745
Case #214: 0 1122 1215 1066 894 1243 800 384 1215 1400 1324 1503 1096 1029 1195 1324 322 1122 1141 1191 1191 1339 1528 800 1652 1191 1339 800 1324 1324 1215 1096 1003 1003 1339 1141 1361 1206 1324 1195 799 1191 706 1017 1537 1361 1082 1001 1096 1390 1341 1324 1340 1066 1324 1364 1191 1141 1163 1003 1191 706 800 1029 1383 1066 1383 1080 1210 956 1321 1096 1122 1361 1001 1324 799 1182 499 1423 1324 817 1029 1505 1080 1215 1215 894 800 1324 1269 1122
Case #215: 0 1120 1070 1381 1272 791 1008 1254 1008 1438 1301 1070 1055 877 1055 1553 1032 1196 791 1392 1285 877 1015 1002 659 1243 1315 1121 791 1032 791 1196 1301 537 877 1191 1345 1191 537 877 1243 659 1096 1008 1414 1196 786 791 1243 1414 1243 1138
Case #216: 0 1311 1617 765 1672 1421 1739 1328 765 765 1277 1761 1811 977 765 414 1518 1693 1054 1182 1245 1101 765 1778 1054 1219 1421 765 1182 1505 1182 765 1500 1505 1328 765 1182 1182 1054 1245 831 1173 1054 1219 1054 1369 1515 1769 1505 1027 1366 1427 1427 1394 1277 831 1369 765 1173 1182 1505 1819 765 831 1505 2019 351
Case #217: 0 1534 1198 1226 1142 1091 1281 1393 624 1329 1534 782 1578 952 1619 875 1396 630 1197 -1 1255 1481 949 1197 1265 1393 1198 803 1705 413 1361 1197 1260 1657 1746 1142 997 -1 1260 870 2013 586 995 1181 997 1125 1153 1517 1750 1554 1176 1319 1488 1052 1167 1329 413 952 1068 1488 1301 1188 457 1198 1417 1181 1206 949 1404 1197 1091 1764 1640 1325 1648 1472 1255 1255 802 630 952 1197 1341 1358
Case #218: 0 850 646 544 400 400 788 646 706 400 593 788 904 646 663 815 346 663 663 658 663 593 655 900 646 400 593 658 884 400 400 593 544 788 655 346 850 544 663 544 544 346 646 400 663 655 593 658 544 931 655 655 593 670 655 831 400 646 706
Case #219: 0 900 1232 790 746 746 790 1268 816 1048 746 560 1073 816 988 982 1048 1106 914 981 790 746 746 1073 1016 790 746 816 988 560 988 560 790 981 1076 1016 982 560 799 900 560 1047 799 1016 1016 799 1048 746 1029 790 560 1084 799 799 790 790 560 746 914 1029 1048 981 816 982 746 746 560 790 560 746 1048 816 816 816 1048 1016 981 560
Case #220: 0 741 879 741 478 1278 909 632 702 514 677 514 632 888 514 879 870 494 528 632 922 632 840 978 1092 1015 494 877 754 754 514 902 514 494 677 1025 138 840 879 1092 725 661 478 741 840 494 677 632 840 632 819 702 840 724 902 912 1114 1042 989 138 989 1094 840 888 1125 702
Case #221: 0 950 524 747 932 919 1118 831 1001 747 747 747 1087 835 831 1084 1134 922 1034 961 927 1016 762 747 1001 760 580 919 1112 478 1028 524 1084 357 1107 993 580 1127 1141 1268 889 747 919 949 752 835 951 949 831 835 835 747 922 1056 747 951 932 931 1043 747 919 747 1081 949 747 831 1134 1041 927 524 962 1118 762 747 762 1124 629 932 747 747 963 1099 357 357 747
Case #222: 0 1389 1706 1226 1453 1623 2532 2409 1505 1089 710 1089 1906 1527 1453 1281 1176 1281 2015 1714 1176 1453 1505 1310 2012 710 2648 1800 2132 1645 1716 303 1645 1244 1473 1452 1527 1864 1623 1226 1645 1453 1812 1520 1800 1660 1815 1864 1645 819 1473 1473 1734 1470 1520 1839 1505 1089 1844 1473 1844 303 1716 1716 1452 1815 1089 2105 1720 303 1843 1812 1480 1089 1645 2105 1176 1734 1281 1864 1244 1089 1645 1470 2199 1453
Case #223: 0 504 509 818 747 473 711 856 747 484 398 856 274 522 651 473 804 719 719 737 804 693 716 752 711 522 509 897 569 509 716 693 716 649 856 874 651 473 897 773 698 747 473 747 269 752 473 926 698 720 926 649 1001 951 484 683 473 1140 698 908 659 698 235 859 720 747 504 235 269 911 737 473 473 504 923 274 473
Case #224: 0 1104 861 1069 928 1023 976 1394 1192 951 1255 1394 1069 765 1030 1283 1239 976 1030 1394 971 1069 1069 1255 1347 1123 976 299 1239 1104 1292 1292 485 1394 1123 538 1292 1347 1104 1069 1192 1069 928 1069 1333 1069 1030 1069 1255 538 1255 1030 858 1069 1268 765 1333 1097 1044 1069 976 861 1069 1346 1069 858 1192 1798 1044 858 1030 1239 951 1097 1412 1347 1292 1433 858 1069 1069 1268 538 1069 1282 1292 976 1347
Case #225: 0 703 812 812 812 812 812 812 812 812 812 269 812 638 269 812 812 812 812 812 812 851 812 213 812 812 694 812 269 694 812 694 694 812 812 812 812 812 812 812 638 851 812 812 638 812 638 812 638 558 812 812 812 812 812 812 812 269 812 812 812 812 812 812 812 812 638
Case #226: 0 322 513 601 926 645 322 322 513 322 513 859 489 902 690 645 322 680 661 733 690 322 681 489 322 680 322 806 690 755 322 661 513 645 496 322 902 539 661 322 677 731 539 690 322 645 601 690 489 322 1352 601 513 513 513 690 322 513 601 513 819 513 755 645 645 513 844 645 680 322 645 645 322
Case #227: 0 -1 -1 -1 -1 -1 -1 -1 -1 -1 -1 -1 -1 -1 -1 -1 -1 -1 -1 -1 -1 -1 -1 -1 -1 -1 -1 -1 -1 -1 -1 -1 -1 -1 -1 -1 -1 -1 -1 -1 -1 -1 -1 -1 -1 -1 -1 -1 -1 -1 -1 -1 -1 -1 -1 -1 -1 -1 -1 -1 -1 -1 -1 -1 -1 -1 -1 -1 -1 -1 -1 -1 -1 -1 -1 -1 -1 -1 -1 -1 -1
Case #228: 0 2527 2398 2525 2226 2995 2263 781 2546 2321 1921 2293 2581 2293 2585 2736 2366 2546 2535 2716 2398 2366 2581 2540 1423 2263 2012 2580 2872 2736 2580 3134 2263 2236 2285 1423 2263 2585 2535 2012 2546 2540 2012 2736 2012 1950 2870 1950 2226 2759 2544 2735 1023 2263 1777 2169 2872 2749 2585 1950 2527 2263 2736 2872 1875 2819 2263 2822 2585 2012 2263 2961 2792 2485 2169 3134 2527 1850
Case #229: 0 1318 1844 1490 1987 1965 1328 2076 1876 1944 1172 1607 1948 1172 1752 1474 1440 1615 1676 616 1676 1067 812 1880 1507 1349 1911 1258 1798 1225 1696 616 702 1719 1323 1500 1921 1465 1014 1956 1721 914 1697 1323 1696 616 1862 1646 1323 1874 1323 1821 1932 1172 1839 2042 1604 1862 2184 616 2148 1736 1258 1067 556 1726 1697 1873 1323 1716 1542 556 1923 1839 1323 1067 1142 1474 1425 1170
Case #230: 0 1111 958 929 1125 1003 1123 1073 1043 929 1255 929 1123 780 780 763 780 780 1043 322 458 458 1187 1085 1020 681 929 929 1073 958 1020 1003 681 780 915 458 1142 929 915 1003 1003 322 915 1069 776 1003 929 780 929 1020 763 1119 780 1085 763 929 1085 1069 820 681 780 989 915 915 780 1073 1085 929 681 1073 1003 929 780 505 681 1003 1073 1111 1123 780 780
Case #231: 0 1279 1175 1071 1506 1666 1603 748 1661 1082 1726 1584 1506 1677 1071 1405 1157 1584 1661 1584 1364 1652 1584 1603 1684 1652 1157 1338 1584 1584 2108 1584 1364 1584 748 1677 1584 1157 748 1734 1338 2093 1338 1726 1364 1157 1175 1684 1970 1257 1652 1584 1584 1584 1684
Case #232: 0 618 595 618 618 618 618 823 618 618 786 618 722 618 618 722 560 618 597 618 618 618 618 595 722 595 370 1049 722 618 618 618 597 618 618 618 618 370 595 370 618 618 618 618 370 618 560 722 618 618 618 618
Case #233: 0 1092 1179 859 1070 1307 1196 1076 369 369 1092 859 1028 1028 1028 1307 859 1076 859 1110 1171 815 1179 815 1110 815 859 859 1305 1110 865 1305 1410 815 859 1070 1110 1076 1321 1076 369 859 1076 859 1076 1179 1332 1092 1339 1092 1028 1070 1243 1070 815 1028 859
Case #234: 0 534 534 534 534 534 534 534 534 534 534 534 534 534 534 534 534 534 534 534 534 534 534 534 899 534 534 534 534 534 534 534 534 534 534 534 534 534 534 534 534 534 534 534 534 534 534 534 534 534 534 534 534
Case #235: 0 933 692 727 934 727 1077 931 1003 738 1092 1132 869 933 1212 1132 1354 869 798 1015 1010 1026 1329 798 1010 1017 1216 1194 1077 1003 1075 267 931 869 727 1092 1092 1124 738 1043 1140 869 727 931 738 931 869 1300 869 869 933 1015 1075 1015 1325 798 931 1003 1107 473 1003 798 1329 1003 1010 473 933 1223 267 869 1017 1212 727 934 267 1043
Case #236: 0 458 401 445 892 566 742 602 602 445 401 558 445 778 566 775 566 445 831 680 401 445 566 172 445 566 172 566 790 707 172 458 458 445 831 445 948 773 445 445 775 401 1309 775 725 172 172 742 566 445 742 892 775 566 445 445 742 445 725
Case #237: 0 1455 1476 1731 1128 1142 1142 1690 1476 1476 1039 1151 1538 1820 1195 1442 1127 1972 1213 799 1465 1721 1677 1538 1785 1455 1213 1385 1538 1538 1424 799 1424 1213 1538 1499 1756 1455 1385 1385 1151 1479 1151 1476 1039 1650 1538 1538 1797 1276 1039 1039 1151 1495 799 1213 804 1093 1213 799 804 804 1195 1142 1213 1142 1811 1079 1201 1093 1470 1455 1142 1356 1127 804 799 804 1128 1337 1479 1039 1079 1476 1479 1476 1650 1093 1442 1356
Case #238: 0 1309 920 1190 1190 1407 1017 1190 1291 1017 1017 755 188 1402 1017 1017 1291 1253 1017 1402 1190 645 1253 1186 1017 1407 1017 755 1495 188 1253 1402 1402 188 1017 1017 1291 1017 1017 1402 1190 1017 645 1186 1419 1190 1291 1017 1186 1407 755 -1 1402 1291 1186 1402 1017 1402 755 1291 1353 1407 1017 1190 1114 1402 1017 1589
Case #239: 0 -1 -1 -1 -1 -1 -1 -1 -1 -1 -1 -1 -1 -1 -1 -1 -1 -1 -1 -1 -1 -1 -1 -1 -1 -1 -1 -1 -1 -1 -1 -1 -1 -1 -1 -1 -1 -1 -1 -1 -1 -1 -1 -1 -1 -1 -1 -1 -1 -1 -1 -1
Case #240: 0 1488 1488 1116 1116 1801 1488 1664 1431 1488 1632 1488 1488 1664 1768 1664 1431 1610 1116 1488 1116 1431 1488 1431 1116 1431 1664 1116 1488 1756 1664 1488 1385 1431 1488 1488 1116 1116 1427 1790 1385 1488 1816 1488 1357 1431 1475 1431 1664 581 1261 1116 1610 1431 1488 1357 1578 1488 1664 1427 965 1500 1696 1488 1488 1488 1431 1385 1116 1431 1488 1664 1116 1768 1488 1610 1261 1488 1488 1488 1427 1431 1488 1488
Case #241: 0 588 588 1044 791 900 870 588 1024 790 1024 1021 958 588 1024 1021 900 958 588 748 890 588 588 588 588 787 900 588 950 557 891 588 1392 253 1338 748 1024 958 588 557 588 958 896 905 821 748 932 1001 304 304 1024 588 1021 932 588 832 1021 588 588 958 1172 851 1021 588 588 950 1021 588 557 304 873 557 873 588 1021 787 1021 588 588 958 588 950 900 1095 588 588 588 608 748
Case #242: 0 2508 1729 2446 1729 1870 2437 2173 2789 -1 2438 2442 2377 2523 1931 735 2174 2585 2352 2463 2201 1469 1935 1469 2336 2757 2234 2377 2435 1935 2966 2421 2591 2171 1980 2185 1469 2757 1997 2216 2336 1201 3079 3468 2932 2171 1935 2719 2326 2072 2650 2442 1980 2509 2757 1263 2174 2195 2362 1772 2446 2201 2397 2757 2847 2438 1997 1931 1798 2585 1729 2072 1935 3079 2381 1849 2682 2446 2600 2352 1201 2733 2451 1851 2234 2377
Case #243: 0 643 1327 564 769 1165 859 631 859 1113 859 1398 859 1084 1268 643 945 910 859 564 953 1263 953 336 923 1001 953 859 643 697 564 1064 905 564 859 1055 643 769 1118 739 1004 859 885 910 1111 739 859 859 885 643 951 1055 1113 617 564 631 1309 336 910 1004 1001 923 859 910 923 885 859 1055 910 617 859 1113 1118 789 1228 336
Case #244: 0 1042 1190 1483 1252 1208 1375 1495 1153 1102 1414 1266 1370 1441 1172 318 318 1353 995 1414 1409 961 995 1190 1172 676 918 1391 1003 676 898 961 995 1247 1042 784 1172 318 784 676 922 1172 995 1646 1208 1199 1172 1460 1102 1172 1203 667 1652 1252 676 1460 1706 898 676 1706 922 1051 1102 318 995 1061
Case #245: 0 1044 445 953 1570 1277 1552 1277 1442 1570 1277 1470 1638 1846 843 1268 1348 1044 1066 1303 1277 1534 1303 874 953 843 1150 445 1442 1268 832 1303 1570 1351 445 1581 1442 1348 799 799 1351 1442 1044 1653 1303 1044 1492 1351 1277 953 953 1277
Case #246: 0 -1 -1 -1 -1 -1 -1 -1 -1 -1 -1 -1 -1 -1 -1 -1 -1 -1 -1 -1 -1 -1 -1 -1 -1 -1 -1 -1 -1 -1 -1 -1 -1 -1 -1 -1 -1 -1 -1 -1 -1 -1 -1 -1 -1 -1 -1 -1 -1 -1 -1 -1 -1 -1 -1 -1 -1 -1 -1 -1 -1 -1 -1 -1 -1 -1 -1 -1 -1 -1 -1 -1 -1 -1 -1 -1 -1 -1 -1 -1 -1 -1 -1 -1 -1 -1 -1 -1 -1 -1 -1 -1 -1 -1 -1 -1 -1
Case #247: 0 -1 -1 -1 -1 -1 -1 -1 -1 -1 -1 2308 -1 -1 -1 -1 -1 -1 -1 3098 -1 -1 -1 2771 -1 1774 2739 -1 -1 -1 3275 -1 2610 -1 -1 2303 -1 2610 -1 1774 634 -1 1269 1269 -1 2098 -1 -1 -1 -1 -1 -1 -1 1998 -1 2447 2098 -1 -1 3670 2526 -1 -1 1778 -1 -1 -1 1998 -1 3670 -1 -1 -1 3974 2303 -1 -1 1778 2739 2194 -1 1774
Case #248: 0 -1 -1 -1 -1 -1 -1 -1 -1 -1 -1 -1 -1 -1 -1 -1 -1 -1 -1 -1 -1 -1 -1 -1 -1 -1 -1 -1 -1 -1 -1 -1 -1 -1 -1 -1 -1 -1 -1 -1 -1 -1 -1 -1 -1 -1 -1 -1 -1 -1 -1 -1 -1 -1 -1 -1 -1 -1 -1 -1 -1 -1 -1 -1 -1 -1 -1 -1 -1 -1 -1 -1 -1 -1 -1 -1 -1 -1 -1 -1 -1 -1 -1 -1 -1 -1 -1
Case #249: 0 1223 926 1232 1236 1025 1482 926 1025 1117 1025 961 1376 926 1025 926 1059 1223 1232 926 926 926 747 1025 1184 1223 1025 1231 789 1025 789 926 926 926 417 1136 1257 961 926 1179 963 926 926 1025 961 1059 1266 417 214 1025 747 1357 1059 1025 1025 1025 1231 1025 1241 961 1025 926 1358 926 1136 1025 1075 1231 417 789 1168 689 926
Case #250: 0 2081 2063 2723 2081 1763 1482 1799 1747 1458 1903 1289 2063 2259 2532 2019 2063 2196 2196 1482 2069 2316 -1 2019 1804 2574 691 2325 2999 2081 1289 2258 1897 1763 2063 2081 2529 1458 991 2331 2289 1747 1849 2202 2375 1458 1782 767 2288 1482 2014 1734 2034 2034 2196 2327 1799 2014 2903 1601 2014 2506 2196 1482 1747 1482 1782 1782 1747 691 2081 1591 691 1903
Case #251: 0 -1 -1 -1 -1 -1 -1 -1 -1 -1 -1 -1 -1 -1 -1 -1 -1 -1 -1 -1 -1 -1 -1 -1 -1 -1 -1 -1 -1 -1 -1 -1 -1 -1 -1 -1 -1 -1 -1 -1 -1 -1 -1 -1 -1 -1 -1 -1 -1 -1 -1 -1 -1 -1 -1 -1 -1 -1 -1 -1 -1 -1 -1 -1 -1 -1 -1 -1 -1 -1 -1 -1 -1 -1 -1 -1 -1 -1 -1 -1 -1 -1 -1 -1
Case #252: 0 659 632 788 833 1392 957 658 940 331 940 958 944 940 621 1133 1249 958 944 1034 1306 632 1188 1251 788 960 1043 957 791 1137 826 960 659 944 1168 958 1042 957 957 958 833 833 1004 331 621 1317 1081 958 788 1065 958 1055 957 788 422 422 1133 957 1133 833 1015 1004 1133 -1 695 958 1156 422 1392 788 1034 809 843 906 1133 809 1460 1133 940 1130 1045 422 658 1347 833 659 659 1285 1158 1137 659 1133 659 958 695 1043 1043
Case #253: 0 1473 1610 1261 1691 1678 679 954 1457 1949 774 1416 349 1833 1687 1204 1493 1219 1160 1476 1416 1705 557 679 1404 911 1913 2189 1028 1404 1959 1937 1899 1229 679 425 2005 1108 1473 1204 1549 1642 1705 1549 1219 -1 1705 679 1678 1937 1493 -1 880 774 1493 2698 1473 1416 923 -1 1937 1480 1473 1509 1123 1720 1229 1008 425 1160 1261 774 1272
Case #254: 0 1116 1473 765 1281 1101 1353 1103 1461 1522 1029 1256 1116 1491 1473 835 1370 1281 1103 1103 1103 1295 1103 1281 1103 1273 765 1149 1110 1281 1338 1462 1350 949 311 1639 856 1110 1350 1103 1147 1615 1282 1273 1364 1677 1453 1338 1029 1281 1295 1281 1257 765 1474 1281 1103 1101 856 1149 1235 1087 1281 1103 1396 1842 1350 662 1103 1057 1593 1103 1454 1460 1479 1103 1562 1103 1350 1103 1474 1116 1116 949 909 1389 1116 1280 1103 1029 662 1564 1149 1235 1147 909 949 1103 1522
Case #255: 0 1112 1287 804 1357 988 1316 1162 1112 1437 1132 1321 1180 1259 1007 529 1316 1135 804 1404 1112 1043 1087 529 1197 466 1196 930 1325 804 875 1136 1190 1208 1252 1321 1021 1227 1087 1280 1043 1021 749 726 1416 804 1227 995 1217 466 1007 875 1043 1248 883 1087 1043 1351 927 1316 1430 1252 1302 1227 1190 1351 1227 883 875 1136 930 1087 529 1007 804 875 1112 1132 1217 1357 1343 1227 1007 1112 1227 875 1007 804
Case #256: 0 748 1081 791 1174 860 1057 999 1057 791 748 955 791 585 1356 1082 417 585 1165 1081 1229 1058 1174 1333 1165 955 417 1155 417 1310 1229 1279 812 1522 1434 1002 812 1104 860 955 748 1165 748 585 585 1372 1082 1165 1165 961 748 1148 417 1317 955 1330 791 1082 1165 812 1165 1002 1002 748 585 1279 791 1372 1081 812
Case #257: 0 1587 1367 2215 1587 1587 1804 1112 1737 1985 1367 1524 1835 1625 1625 2454 1367 1383 1112 1112 2206 1112 1835 1587 1367 1725 2141 1112 1367 1383 1587 2309 1737 1524 1985 1367 1112 1383 1835 2215 1587 1367 1112 1367 1625 1775 1721 662 1112 1745 1737 1112 1112 1367 1767 1112 1775 1367 2061 1739 1112 2210 2209 1587 1587 1367 1367 1112 1575 1587 1112 1625 1609 1835 1367 1112 1112 1745 1625 1587 1985 1911 1721 1367 1721 1725 1846 1625 1367 1587 2046 1971
Case #258: 0 2499 1742 1529 675 1460 951 1887 1533 951 1249 951 1249 675 2171 1824 939 1863 939 1160 951 951 1249 1262 675 1262 1737 1446 1596 1249 1249 988 1446 1681 1742 1460 963 1863 2273 1495 988 1446 1793 1408 1495 1737 1249 1529 951 1262 1600 1237 951 1446 1660 1540 1237 1784 939 961 1490 1160 675 1249 961 1237 951 1558 1408 675 1262 1460 1408 1249 1558 1249 2090 939 2053 1467 1660 1237
Case #259: 0 461 716 896 648 785 716 547 614 828 509 790 580 188 762 804 828 716 803 188 616 782 803 547 485 804 814 889 580 188 709 889 803 716 580 691 790 188 637 614 188 762 912 580 400 461 782 691 400 716 400 400 912 712 547 188 637 691 902 814 188 547 804 614 852 547 461
Case #260: 0 839 1150 1006 1446 1214 728 1099 963 905 1289 1263 1745 1303 1343 1227 1442 1017 1141 963 1516 1132 531 839 1231 1187 1174 1321 963 963 1006 642 643 963 1283 1017 1150 1006 957 964 963 1058 1586 963 1442 470 643 1330 871 1174 642 957 642 531 1130 642 1303 963 1491 1242 1533 1195 871 642 1363 1099 427 1214 1132 1245 1133 1135 1017 1062 1187 1330 1561 871 963 801 1223 1461 1560 1324 1174 642 747 957 1575 1001 1195 964
Case #261: 0 864 852 852 852 604 714 879 191 714 1052 1059 516 845 1052 191 845 1080 191 790 1043 1043 852 1043 1043 845 833 1273 604 832 1021 852 516 1029 852 604 604 604 1145 714 845 852 1043 832 790 1048 1022 1029 864 845 1029 1022 864 516 1283 1043 1029 383 604 1059 604 1052 1029 1157 1043 1059 1157 325 845 1222 714 1043 1022
Case #262: 0 1357 1780 1906 1644 1644 809 1644 1780 1644 1644 1906 1644 1416 1644 1644 1906 1644 1906 1436 1644 1644 1644 1644 1644 1550 1780 1589 1856 1644 1856 809 1644 1906 1872 1072 1589 1644 1550 1644 1644 809 1644 1550 1914 1357 1906 1644 1906 1304
Case #263: 0 1260 1785 1318 1835 1396 1789 877 1711 877 1564 1045 2242 1225 1490 1228 1123 252 1640 1426 1228 1480 1850 1228 1490 1459 1535 869 869 1440 1459 1763 1692 1651 865 2087 2040 1312 1228 869 1434 590 1283 1396 1692 1564 869 1052 1528 1763 252 1434 1780 1318 1490 1283 1794 1649 1297 1640 1428 590 1928 1651 1564 1692 1283 1796 1228 2106
Case #264: 0 1450 1717 1972 1932 1518 2050 1338 1717 1382 1518 1821 2000 1100 1595 1581 1760 1766 1215 1752 1664 1896 1752 1568 1382 1664 2125 1450 1769 1382 631 631 1581 1717 1581 1581 1752 1735 1419 1664 1450 1518 1455 1442 1518 1551 1717 1810 1735 1823 1450 1840 1518 1215 1769 1315 1450 1769 1664 1382 950 1215 1215 1849 1100 1760 1837 1100 1946 1518 1382 1215 631 1752 1518 1100 950 1382 1100 1742 1450 1581
Case #265: 0 444 265 540 797 633 502 617 540 512 265 444 719 237 444 691 502 647 454 463 511 736 600 502 693 501 444 444 647 654 512 777 265 458 499 444 739 265 502 444 265 707 265 600 512 807 647 237 637 682 540 444 872 463 777 600 540 275 438 502 502 179 444 540 650 654 646 502 502 454 463 633 275 633 654 693 512 511
Case #266: 0 468 899 978 777 978 1097 468 1438 1750 883 971 971 468 978 1387 1097 971 971 971 899 1313 1343 971 503 971 1200 503 1099 1023 971 1099 1327 1064 1228 899 1279 1319 1327 1506 1357 1327 1354 468 856 978 777 1099 971 1612 1354 1237 1354 1228 1200 503 1023 1200 1064 971 1313 1354
Case #267: 0 1202 795 795 1055 730 1100 1249 950 795 933 986 1176 933 943 1100 694 1441 1208 1183 935 746 1426 1259 950 1024 992 416 517 981 1471 795 933 1207 1183 1252 1024 846 1277 1024 1077 1247 517 1170 795 1311 416 933 1305 517 935 730 517 935 1524 1183 1077 992 416 1183 889 950 730 935 730 1077 943 1391 1079 967 730 416 1183 1343 1259
Case #268: 0 997 736 736 1028 924 736 736 736 913 1078 928 736 608 608 1080 430 736 736 736 957 736 1028 922 1056 736 736 1147 736 922 736 178 1089 922 430 924 1078 483 1089 608 736 483 1078 736 660 1080 736 922 924 1089 736 736 922
Case #269: 0 372 623 623 623 671 372 372 599 372 671 606 623 623 372 840 623 852 599 623 647 623 651 372 623 623 651 372 671 623 599 372 599 623 802 671 599 623 623 623 623 372 372 802 623 647 372 623 372 372 852 623
Case #270: 0 1881 2192 1410 1985 257 1131 257 738 1410 1241 257 1581 -1 -1 1860 1581 1754 841 1655 1751 1427 257 1098 1721 1721 738 980 1241 1382 1498 503 918 1498 1423 1295 1098 1838 1241 -1 1721 2169 980 1098 1102 -1 1627 760 1716 -1 918 918 738 1721 1116 1427 1457 1241 257 1241 -1 659 1636 841 760
Case #271: 0 1303 1312 1418 1055 1347 1299 1523 1347 1650 1312 1299 1347 2080 1523 1536 1055 1388 1347 1312 1299 1055 1299 1756 1952 1055 1055 798 1604 1536 798 1055 1347 1347 1347 1347 1602 1418 1312 1756 1536 1532 1771 1601 1055 1870 1756 1418 1602 1536 1299 798 1055 1055 1055 1055 1055 1418 1312 1523 1055 1523 1418 1388 1510 1558 1312 1312 1055 1055 1756 1648 2125 1055 1055
Case #272: 0 958 741 1573 1411 1051 1734 2112 1547 1531 1223 976 2293 948 1412 668 1976 1437 1739 1435 1215 1101 1215 1922 3997 976 -1 1443 741 1630 896 2255 523 946 948 741 741 1437 2143 976 1542 2188 1329 1899 1329 1734 1493 1833 1357 976 1215 1550 3283 2010 1219 308 1101 -1 946 1300 1542 1547 2301 1573 1959 1215 1612 1734 2772 1573 3288 976 976 1535 1329 2085 958 3251 1557 1010 1865 1901 2699 1223 1443 2370 1435 2085 1362 1310 681
Case #273: 0 936 811 896 1161 1058 1221 896 286 718 936 1058 936 1243 965 1252 1246 1436 1246 936 936 1352 1462 1392 1157 1392 982 1222 1163 811 1058 718 1075 936 1058 936 1436 936 1163 1382 1210 896 936 811 936 1243 811 811 1243 936 1417 1352 1427 1279 936 578 936 631 1222 936 936 936 1210 1058 1392 1058 1058
Case #274: 0 1069 1069 1415 1069 566 1415 1415 566 1352 1308 1508 1352 1352 894 1352 1415 1415 1415 1354 1352 1636 1314 1415 1313 1352 1313 1069 1069 1352 1415 1415 1352 1352 1415 1352 1147 1352 894 1352 1069 1069 1352 1352 1361 1352 1069 1415 1352 1352 1361 894 566 1314 2024 1352 1069 1352 1069 1069 1352 1069 1608 1352 1597 1147 1352 1352 1613 1352 1753 1415 1352 1415 1069 1352 1353 1352 1352 1415 1313 904 1674 1015 1569 1361
Case #275: 0 1246 1517 1772 1860 1557 1742 1557 931 1646 1412 1183 1517 1368 1183 1344 1344 1265 1892 1344 1517 1646 931 1772 1517 1183 1191 1412 1412 1517 1664 1368 931 702 1368 1344 1605 1557 931 1191 702 1675 1639 1344 1246 1861 1517 1344 1412 1191 1344 1344 1344 1183 702 1639
Case #276: 0 708 786 757 994 1017 752 881 757 786 1179 881 470 224 881 1066 1401 636 1172 224 1242 708 708 786 1120 1202 1054 708 224 757 757 1129 773 562 1066 881 708 1221 470 786 773 224 752 1066 887 562 562 470 1120 752 887
Case #277: 0 850 572 572 764 759 572 982 572 572 779 572 757 572 572 850 764 779 978 759 572 950 850 779 572 772 572 1071 572 572 1033 360 572 813 757 757 813 759 813 772 850 572 572 764 757 764 757 764 779 572 572 399 757 572 772 987 572 779 956 572 764 813 757
Case #278: 0 989 1036 1304 989 1103 989 1036 1036 989 989 266 999 989 989 989 1338 1036 989 1304 989 989 989 756 266 1036 989 989 989 989 1036 1036 989 989 756 1103 989 1327 1036 1036 989 756 756 989 989 989 989 756 989 1036 1036 266 989 1304 989 989 989 1036 1036 989 989 1036
Case #279: 0 367 196 196 196 405 683 196 393 324 324 455 196 393 196 324 526 431 340 477 526 196 327 367 324 196 196 196 196 340 340 393 327 558 367 324 196 367 324 346 196 526 196 431 526 344 324 324 526 472 196 196 852 510 324 431 324 196 393 196 324 405 340 196 367 340 196 196 196 196 196 507 196 324 393 393 196 324 524 393 196 367 340 393 393 196 196 196 365 367 196 324 196 324
Case #280: 0 878 893 881 1124 1104 878 669 1090 1124 843 1028 939 882 728 966 1136 966 1087 960 882 876 1102 893 686 1239 895 864 953 1154 1186 1070 547 547 686 1071 942 710 878 480 728 710 1026 953 686 905 982 1185 905 413 863 966 480 669 728 728 864 1090 928 480 982 960 1073 942 1124 966 1027 876 942 1090 881 1026 939 893 942 864 923 1073 1073 669 960 881 966 1137 728 413 923 1137 928 876 983 413 928 960 863
Case #281: 0 917 712 806 727 1000 1022 712 917 727 917 842 723 922 723 970 917 917 450 1027 1071 842 917 852 917 930 852 842 970 1027 1000 922 1037 187 842 187 1132 1191 953 842 842 187 1321 842 842 712 1291 1132 450 922 723 922 970 922 450 806 727 930 917 723 917 981 917 1000 723 1026 1000 723 1000 1132 842 450 970 922 1000
Case #282: 0 1706 1474 2045 1706 1474 1257 2522 1706 2215 2056 2014 2055 2511 2476 2006 2270 380 2055 1657 1549 -1 1489 1489 2118 1860 1357 2014 1706 2014 2019 2356 1474 2187 -1 1687 2006 1357 2006 2082 2356 3034 1706 2130 2400 1913 2328 1657 1706 1918 2130 1774 2099 1646 2278 1998 2262 2006 2014 -1 2270 1657 1781 2294 1706 -1 1999 1357 2006 1998 1774 2295 1706 1489 1706 -1 1986 2014 2487 1706 1885 1782 957 1706 2215 1885 2255 2352 2270 2009 2130 1782 1706 1657 2187
Case #283: 0 513 513 832 1110 1262 832 879 1129 1090 1025 896 513 832 752 832 1025 1025 879 879 513 1071 896 832 832 832 1261 1025 1025 896 896 240 1025 1090 879 829 752 513 829 1025 879 513 513 513 1025 832 1025 1025 832 559 1025
Case #284: 0 1328 1687 1126 1188 1567 1528 933 1501 1458 1505 1497 1447 1569 1349 933 1252 933 1460 1474 1158 1176 1349 1715 933 1395 1064 1595 1668 1602 1458 1153 933 680 1567 1458 1175 2022 1567 1602 1586 1176 933 1205 1317 648 1349 933 1239 1415 1204 1126 1379 1379 1458 1317 901 1158 1554 1230 933 1328 1441 648 1460 1470 1186 1668 933 1186 1186 1697 1811 901 1602 1328 1186 1317 1460 680 1317 1317 395 1853 1513 1554 1843 933 1564 1401 1379 1188 933 1230 1379 901 1126
Case #285: 0 1487 1487 1158 1769 1364 1487 1487 1487 1487 1158 1429 1697 750 1364 1487 1769 1487 1651 1801 1487 1364 1158 1782 1429 1440 1510 1717 1487 1364 1429 1471 1487 1626 1487 1440 1782 1158 1440 1487 1390 1440 1487 1429 1487 1158 1697 1158 1487 1639 1364 1769 1487 1487 1639 1158 1639 1769
Case #286: 0 618 410 983 618 801 808 801 709 618 618 801 410 596 801 709 410 1021 875 709 875 1172 958 410 768 1027 1063 801 618 618 596 862 1220 788 1027 1049 1011 864 1021 410 596 768 768 1134 864 1109 640 853 983 1200 596 788 596 618 808 709 958 618 1100 961 596 1120 1011 801 709 1084 1244 801 961 1021 1011 618 937 410 1084 862 1165 864
Case #287: 0 -1 -1 -1 -1 -1 -1 -1 -1 -1 -1 -1 -1 -1 -1 -1 -1 -1 -1 -1 -1 -1 -1 -1 -1 -1 -1 -1 -1 -1 -1 -1 -1 -1 -1 -1 -1 -1 -1 -1 -1 -1 -1 -1 -1 -1 -1 -1 -1 -1 -1 -1 -1 -1 -1 -1 -1 -1 1119 -1 -1 -1 -1 -1 -1 -1 -1 -1 -1 -1 -1 -1 -1 -1 -1 -1 -1 -1 -1 -1 -1 -1 -1 -1 -1 -1 -1 -1 -1 -1
Case #288: 0 583 584 686 583 583 412 412 412 583 412 583 412 583 583 652 423 412 583 227 583 583 583 583 583 583 583 607 583 412 583 583 584 583 412 583 412 583 412 583 412 583 583 412 412 583 412 583 412 583 583 412 652 583 583 583 412 583
Case #289: 0 1651 1654 1700 1997 1470 1017 1755 1467 1827 1904 1731 1119 2195 1573 1547 1509 1467 1329 1509 1690 1553 1701 1405 1437 1755 1437 1469 1811 1585 1470 1755 1809 1406 1571 1585 1810 1482 493 1405 1770 1017 1509 1694 1510 1329 1437 1470 1105 2054 1469 1651 1630 1770 1509 1882 1680 1551 1769 1768 1781 1695 1329 1329 1701 1469 1236 1768 1437 1694 1810 1770 612 1585 1657 1105 1405 1755 1770 1731 1437 1405 1531 -1 1405 1437 1509 1105 1810 1105 1630 1437 1510 1467
Case #290: 0 1285 1040 712 1499 1664 1344 1344 1573 1518 1627 1572 712 1819 1212 1199 1814 1416 1650 1646 1555 1923 944 1827 1781 1573 1016 1499 1573 1744 944 1499 1344 1540 1016 712 2106 1733 1744 1499 1344 1661 1344 1860 1016 944 1499 1664 1572 1016 1416 1827 1285 1285 1499 1518 1351 1572 1572 1518
Case #291: 0 1549 2164 1723 1966 1549 2108 2188 2178 1809 1723 1723 1723 1809 1549 3105 1549 1973 1549 1549 2245 1723 2494 1723 630 1805 1723 2188 1723 2125 1946 990 2034 1723 1549 1549 1549 2124 1895 1549 1723 1549 1895 1723 1549 1848 2174 1549 1809 1549 2224 1911 1549 1549 1927 1895 2034 2164 1549 1723 1549 2033 1723 1549 1895 1723 1809 1940 1549 1809 1946 1549 1549 1809 1549 2033 1549 1717 1895 1809 2257 1895 1723 2330 2048 1927 1946 1946 2257 1711 1723 2034
Case #292: 0 7393 5194 5950 5694 -1 4781 -1 5316 3992 -1 -1 5194 5021 3898 5151 4758 5716 3992 -1 7843 5694 3632 5775 4691 2682 4781 6278 6607 4758 5950 7030 6746 4781 3898 5694 4990 5316 3407 6122 4781 5130 6663 -1 4357 6086 5891 6624 5316 -1 6662 2682 7908 7500 -1 -1 4420 -1 5950 2682 5200 6413 4691 4758 -1 3916 3632 5950 4112 3898 2682 4781
Case #293: 0 1038 596 1051 1427 1049 1038 997 774 1021 1174 774 1391 1089 249 1182 1038 1361 730 582 1197 1068 1068 789 1330 1684 733 1005 1089 774 1626 1089 1089 868 885 730 1133 843 1361 1133 741 815 1133 412 1049 1133 1390 1346 1164 1021 730 582 1080 944 831 338 774 645 1109 1234 1412 1135 1175 1222 1021 1118 175 1089 843 982 1133 1367 412 659 522 1222 984 163 552 774 765 1490 1206 1091 1175 163 730 944 911 813 412 789 1349 1133 774
Case #294: 0 2181 2290 3247 2620 2620 2624 2893 1650 3151 2624 2743 2201 3204 2903 1913 2348 1383 4036 3072 -1 2290 2620 3492 2348 2201 2506 1383 3723 3707 3512 2743 2896 2486 2582 2201 3317 2290 1650 1383 2290 2273 3387 2125 2181 -1 3395 -1 2181 2731 3209 541 4243 3606 2749 4160 3209 1913 2486 3174 2914 1383 4129 2290 2896 2201 2348 2896 2749 2181 2348 831 2914 831 2201 2125 2181 2582 2348 3860 3395 2125 -1
Case #295: 0 345 598 486 586 198 494 198 346 198 432 586 198 586 677 494 598 432 198 448 494 448 448 490 486 198 448 432 346 586 588 630 588 331 331 346 481 494 494 490 346 346 432 448 432 448 448 586 346 671 448 505 198 198 494 486 432
Case #296: 0 403 555 567 645 403 523 576 523 403 403 576 403 403 403 555 523 403 555 403 657 567 523 555 649 523 594 403 1084 740 403 523 649 696 403 403 555 555 403 403 594 403 403 403 403 152 539 594 555 337 555 555 555 308 692 403 337 649 576 403 403 555 403 403 403 555 403 403 308 594 523 696 403 403 334 403 523 679 557 334 523 716 403 555 403 785 403 403 403 729 657 745 403 403
Case #297: 0 1545 2071 1168 -1 -1 665 1120 1647 1318 1628 1330 1721 1713 1135 1135 1136 1391 1168 815 1545 1622 1133 1391 1318 1176 1308 1531 1037 1664 1062 970 815 1721 -1 665 1302 1308 1483 1628 1028 665 665 2289 1548 1308 1744 815 815 -1 1594 1357 1168 486 1135 2116 970 1483 1037 1475 1062 815 665 -1 486 1135 1330 1133 1135 665 815 1136 2656 1391 979 1539 1288 1425 1176
Case #298: 0 1157 1145 837 837 1207 837 1145 1369 1157 1207 837 1207 1427 837 473 1094 1005 1462 837 730 1145 1207 473 1145 1145 837 1145 837 837 1207 1094 1157 1207 473 837 1207 1207 1369 1145 837 364 1207 364 837 837 1005 1145 1005 473 1005 1660 837 1094 837 837 1098 1207 1207 1185 1094 1207
Case #299: 0 1121 1380 1128 1090 1342 1154 1314 478 654 732 654 329 -1 851 836 1128 732 853 1128 478 838 1369 1222 1277 1003 -1 1199 -1 654 1316 1128 999 654 1152 -1 677 889 853 1047 836 853 1280 776 1037 329 529 732 1751 1222 1900 329 1037 1886 1143 329 948 1138 654 654 604 654 1439 1054 1222 1280 1128 1129 732 1099 1314 862 1246 1213 329 1051 1420 1037 1037 1027 853 1518 1218 941 1128 1121 1421 874 941 941 1128 1421
Case #300: 0 894 623 894 1102 894 623 894 623 1118 1102 1102 894 1102 1102 623 894 894 623 1118 894 1118 894 1155 1155 894 894 894 623 894 1118 894 894 894 894 894 894 894 894 894 1102 1298 1282 894 894 894 1102 1118 1065 1102 1102 894 1102 1282 894 1102
Case #301: 0 509 585 553 553 509 644 509 509 357 337 509 357 451 357 509 553 509 357 509 553 509 435 357 553 337 357 168 168 357 553 357 509 357 435 598 520 189 357 553 357 553 357 357 357 509 739 553 509 357 357 189 357 553 168 357 553 809 357 357 535 509 357 509 168 556 537 553 545
Case #302: 0 -1 -1 -1 -1 -1 -1 -1 -1 -1 -1 -1 -1 -1 -1 -1 -1 -1 -1 -1 -1 -1 -1 -1 -1 -1 -1 -1 -1 -1 -1 -1 -1 -1 -1 -1 -1 -1 -1 -1 -1 -1 -1 -1 -1 -1 -1 -1
Case #303: 0 -1 -1 -1 -1 -1 -1 -1 -1 -1 -1 -1 -1 -1 -1 -1 -1 -1 -1 -1 -1 -1 -1 -1 -1 -1 -1 -1 -1 -1 -1 -1 -1 -1 -1 -1 -1 -1 -1 -1 -1 -1 -1 -1
Case #304: 0 -1 -1 -1 -1 -1 -1 -1 -1 -1 -1 -1 -1 -1 -1 -1 -1 -1 -1 -1 -1 -1 -1 -1 -1 -1 -1 -1 -1 -1 -1 563 -1 -1 -1 -1
Case #305: 0 -1 1309 -1 -1 -1 -1 -1 -1 -1 -1 -1 -1 -1 -1 -1 -1 2039 -1 -1 -1 2563 -1 -1 -1 1309 -1 1309 -1 -1 -1 1309 -1 -1 -1 -1 -1 -1 -1 -1 -1 -1
Case #306: 0 -1 -1 -1 -1 -1 -1 -1 -1 -1 -1 -1 -1 1565 -1 959 -1 -1 -1 -1 -1 -1 -1 -1 -1 -1 -1 -1 -1 -1 -1 959 -1 -1 -1 -1
Case #307: 0 3655 -1 1989 3191 730 3045 2295 1749 1187 4387 730 2252 1199 3655 3056 3284 3151 7977 2448 3191 1838 2986 1749 2494 2541
Case #308: 0 -1 -1 -1 -1 -1 -1 -1 -1 -1 -1 -1 -1 -1 -1 -1 -1 -1 -1 -1 -1 -1 -1 -1 -1 -1 -1 -1 -1 -1 -1 -1 -1 -1 -1 -1 -1 -1 -1
Case #309: 0 -1 -1 -1 -1 -1 -1 -1 -1 -1 -1 -1 -1 -1 -1 -1 -1 -1 -1 -1 -1 -1 -1 -1 -1 -1 -1 -1 -1 -1 -1 -1 -1 -1 -1 -1 -1 -1 -1 -1 -1 -1 -1 -1 -1
Case #310: 0 -1 -1 -1 -1 -1 -1 -1 -1 -1 -1 -1 -1 -1 -1 -1 -1 -1 -1 -1 -1 -1 -1 -1 -1 -1 -1 -1 -1 -1 -1 -1 -1 -1 -1 -1 -1 -1 -1 -1 -1 -1 -1 -1
Case #311: 0 1628 1685 1591 2182 1929 1591 2284 2508 2475 880 2284 2508 2663 880 1628 2182 1591 2640 2279 1929 1685 1929 1929 2508 2508 2508
Case #312: 0 -1 -1 -1 -1 -1 -1 781 -1 -1 -1 -1 -1 -1 -1 -1 -1 -1 -1 -1 -1 -1 -1 -1 -1 -1 -1 -1 -1 -1 -1 -1 -1 -1 -1 -1 -1 -1 -1 -1 -1 -1 -1
Case #313: 0 -1 -1 -1 3038 6913 -1 -1 -1 -1 -1 -1 -1 -1 -1 -1 -1 -1 -1 6913 -1 -1 -1 -1 -1 -1 2465 -1 -1 -1 5268 -1 835 835 -1 -1 -1 -1
Case #314: 0 7529 7669 7672 8316 8890 -1 7628 572 7628 6494 8564 8564 9626 7644 8239 7628 7969 8951 7102 6494 6605 8653 7944 6114 8712 7552 10343 7199 7866 6114 7113 5460 6605 4147 9140 9824 900 7391 6605 7363 6114 7055 7529 8618 6909
Case #315: 0 2868 2868 3372 2868 2868 2868 3372 2229 3372 2868 499 3372 3372 2868 2868 3372 3372 2229 2868 2868 2868 2868 3372 499 2868 2868 3372
Case #316: 0 -1 -1 -1 -1 -1 -1 -1 -1 -1 -1 -1 -1 -1 -1 -1 -1 -1 -1 -1 -1 -1 -1 -1 -1 -1
Case #317: 0 2374 1537 1537 1984 2469 1537 2003 2155 2003 2469 2374 2155 2155 1537 1011 1011 2374 1144 2155 2344 2155 2155 2155 2512 3255 1537 2469 2155 1537 1743 2155 2170 2155 2155 2374 2666 2155 2155 2469 1743 1743 2155 528 -1 1011
Case #318: 0 -1 -1 -1 -1 -1 -1 -1 -1 -1 -1 -1 -1 -1 -1 -1 -1 -1 -1 -1 -1 -1 -1 -1 -1 -1 -1 -1 -1 -1 -1 -1 -1
Case #319: 0 1964 1629 1629 1629 1629 1797 1451 1629 1591 1964 1064 2083 1629 1629 1591 1629 1629 1629 1913 1629 1629 1629 1629 1064 2022
Case #320: 0 2868 1114 2290 1754 2702 1114 907 3283 2702 3082 3087 2021 2962 2055 1754 1754 2262 3137 2021 2868 2702 2273 2021 1754 2962 2021 1383
Case #321: 0 -1 -1 -1 -1 -1 -1 -1 -1 -1 -1 -1 -1 -1 -1 -1 -1 -1 -1 -1 -1 -1 -1 -1 -1 -1 -1 -1
Case #322: 0 -1 -1 -1 -1 -1 -1 -1 -1 -1 -1 -1 -1 -1 -1 -1 -1 -1 -1 -1 -1 -1 -1 -1 -1 -1 -1 -1
Case #323: 0 -1 -1 -1 -1 -1 -1 -1 -1 -1 -1 -1 -1 -1 -1 -1 -1 -1 -1 -1 -1 -1 -1 -1 -1 -1 -1 -1 -1 -1 -1 -1 -1 -1 -1 -1 -1 -1 -1 -1 -1 -1 -1 -1 -1 -1 -1 -1 -1
Case #324: 0 2206 1675 1194 340 936 1901 1688 804 1796 1380 1796 1675 1901 2058 804 2804 2785 1194 340 1380 -1 1480 1200 1675 1885 1885 2094 -1 3123 1480 1688 2635 1847 1901 -1 936 2058 878 2047 340 -1 1194 2047 804 2543 -1 -1
Case #325: 0 1654 739 2257 739 1695 1654 2109 1721 1641 1826 1949 1592 1994 2275 2200 2187 1994 1826 1641 1092 1342 1721 1092 1113 1092 -1
Case #326: 0 -1 -1 -1 -1 -1 -1 -1 -1 -1 -1 -1 -1 1235 -1 -1 -1 -1 -1 -1 -1 -1 -1 -1 -1 -1 -1 -1 -1 -1 -1 -1 -1 -1 -1 -1 -1 -1 -1 -1 -1 -1 -1 -1 -1 -1 -1
Case #327: 0 1304 445 2014 3340 1736 1304 859 3205 3306 2014 2602 2069 2163 1304 1304 2336 1771 1505 3205 3062 1766 1505 2939 2939 2581 1415 -1 2372 1304 3671 3050 1184 3132
Case #328: 0 660 1120 1120 660 660 660 660 660 660 1120 660 660 1448 660 660 1527 660 660 660 660 660 660 1120 1429 1167 1120 660 1527
Case #329: 0 1922 1464 1922 1464 832 4343 1464 1464 3020 1464 1922 1922 1922 1464 1922 2754 1922 1565 1464 1565 -1 2754 1922 832 1464 1565 3609 1646 1565 1464 1922 3291 1922 2296
Case #330: 0 -1 -1 -1 -1 -1 -1 -1 -1 2714 -1 -1 -1 -1 -1 -1 -1 -1 -1 -1 -1 -1 -1 -1 -1 -1 -1 -1 -1 -1 -1 1111 -1 -1 -1 -1 -1 -1 -1 -1 -1 -1 -1 -1 -1 -1 -1 -1
Case #331: 0 -1 -1 -1 -1 -1 -1 -1 -1 -1 -1 -1 -1 -1 -1 -1 -1 -1 -1 -1 -1 -1 -1 -1 -1
Case #332: 0 2421 1311 2204 3812 3201 2306 3459 2879 2084 2266 4022 2086 3081 2509 2879 3459 3812 3812 2792 1311 3459 2843 1893 3459 698 842 3971 1948 3590 2086 2086
Case #333: 0 -1 -1 -1 -1 -1 -1 -1 -1 -1 -1 2203 -1 -1 -1 -1 -1 -1 -1 3293 -1 -1 -1 -1 -1 -1 -1 -1 -1 -1 -1 -1 -1 -1 -1 3945 -1 -1 -1 -1
Case #334: 0 -1 -1 -1 -1 -1 -1 -1 -1 -1 -1 -1 -1 -1 -1 -1 -1 -1 -1 -1 -1 -1 -1 -1 -1 -1 -1 -1 -1 -1 -1 -1 -1 -1 -1 -1
Case #335: 0 -1 -1 -1 -1 -1 -1 -1 -1 -1 -1 -1 -1 -1 -1 -1 -1 -1 -1 -1 -1 -1 -1 -1 -1 -1 -1 -1 -1 -1 -1 -1 -1 -1 -1 -1 -1 -1 -1
Case #335: 0 -1 -1 -1 -1 -1 -1 -1 -1 -1 -1 -1 -1 -1 -1 -1 -1 -1 -1 -1 -1 -1 -1 -1 -1 -1 -1 -1 -1 -1 -1 -1 -1 -1 -1 -1 -1 -1 -1
Case #336: 0 5129 4858 6133 4740 4947 5129 5700 5469 4161 3825 6072 4947 4213 4243 5555 4631 5370 2228 5554 5860 3516 6123 4161 4716 5107 5370 4243 3324 4243 6072 5047 3128 6781 559 4161 4636 5470
Case #337: 0 553 553 553 553 879 553 849 849 553 553 553 553 553 553 553 553 553 553 553 553 553 553 835 553 553
Case #338: 0 -1 -1 -1 -1 -1 -1 -1 -1 -1 -1 -1 -1 -1 -1 -1 -1 -1 -1 -1 -1 -1 -1 -1 -1 -1 -1 -1 -1 -1 -1 581 -1 -1 -1 -1 -1
Case #339: 0 1647 3126 1069 1009 7306 3151 1778 1069 2614 9252 -1 2239 3012 2149 8899 3217 3450 2239 3151 1069 4552 1069 -1 2092 5334 5733 2280 3151 638 1647 2239 2614 3553 5445 1819 3557 2092 6458 3151 2239 5334 2684
Case #340: 0 -1 -1 -1 -1 -1 -1 -1 -1 -1 -1 -1 -1 -1 -1 -1 -1 -1 -1 -1 -1 -1 -1 -1 -1 -1 -1 -1 -1 -1 -1 -1 -1 -1 -1 -1 -1 -1 -1 -1 -1 -1 -1 -1 -1 -1 -1 -1 -1
Case #341: 0 -1 -1 -1 -1 -1 -1 -1 -1 -1 -1 -1 -1 -1 -1 -1 -1 -1 -1 -1 -1 -1 -1 -1 -1 -1 -1 -1 -1 -1 -1 -1 -1
Case #342: 0 -1 -1 -1 -1 -1 -1 -1 -1 -1 -1 -1 -1 -1 -1 -1 -1 -1 -1 -1 -1 -1 -1 -1 -1 -1 -1 -1 -1 -1 -1 -1 -1 -1 -1 -1 -1 -1 -1 -1 -1 -1 -1 -1
Case #343: 0 -1 -1 -1 -1 -1 -1 -1 -1 -1 -1 -1 -1 -1 -1 -1 -1 -1 -1 -1 -1 -1 -1 -1 -1 -1 -1 -1 -1 -1 -1 -1 -1 -1 -1 -1 -1 -1 -1 -1 -1 -1 -1 -1 -1 -1 -1
Case #344: 0 -1 5197 -1 -1 -1 -1 -1 -1 -1 -1 5197 -1 -1 -1 2458 -1 -1 4629 -1 -1 -1 -1 -1 -1 -1 -1
Case #345: 0 -1 -1 842 -1 -1 -1 -1 -1 -1 -1 -1 -1 -1 -1 -1 -1 -1 -1 -1 -1 -1 -1 -1 -1 -1 -1 -1 -1 -1 -1 -1 -1 -1 -1
Case #346: 0 -1 -1 -1 -1 -1 -1 -1 -1 -1 -1 -1 -1 -1 -1 -1 -1 -1 -1 -1 -1 -1 -1 -1 -1 -1
Case #347: 0 -1 -1 -1 -1 -1 -1 -1 -1 -1 -1 -1 -1 -1 -1 -1 -1 -1 -1 -1 -1 -1 -1 -1 -1 -1 -1 -1 -1 -1 -1 -1 -1 -1 -1 -1 -1 -1 -1 -1 -1 -1
Case #348: 0 -1 -1 -1 -1 -1 -1 -1 -1 -1 -1 -1 -1 -1 -1 -1 -1 -1 -1 -1 -1 -1 -1 -1 -1 -1 -1 -1 -1 -1 -1 -1 -1 -1 -1 -1 -1 -1 -1 -1
Case #349: 0 -1 -1 -1 -1 -1 -1 -1 -1 -1 -1 -1 -1 -1 -1 -1 -1 -1 -1 -1 -1 -1 -1 -1 -1 -1 -1 -1 -1 -1 -1 -1 -1 -1 -1 -1 -1 -1 -1 -1 -1 -1 -1 -1 -1 -1 -1
Case #350: 0 -1 -1 -1 -1 -1 -1 -1 -1 -1 -1 -1 -1 -1 -1 -1 -1 -1 -1 -1 -1 -1 -1 -1 -1 -1 -1 -1 -1 -1 -1 -1 -1 -1 -1 -1 -1 -1 -1 -1 -1 -1 -1 -1 -1 -1 -1
Case #351: 0 -1 -1 -1 -1 -1 -1 -1 -1 -1 -1 -1 -1 -1 -1 -1 -1 -1 -1 -1 -1 -1 -1 -1 -1 -1 -1 -1 -1 -1 -1 -1 -1 -1 -1 -1 -1 -1 -1 -1 -1 -1
Case #352: 0 1598 1856 832 1193 1765 832 1895 1595 2076 1333 386 1234 832 1504 832 832 1862 832 1931 832 1545 1193 2000 832 1344 1363
Case #353: 0 -1 -1 -1 -1 -1 -1 -1 -1 -1 -1 -1 -1 -1 -1 -1 -1 -1 -1 -1 -1 -1 -1 -1 -1 -1 -1 -1 -1 -1 -1 -1 -1 -1 -1 -1 -1 -1 -1
Case #354: 0 4915 844 3337 1498 4114 2612 2914 3568 3568 -1 5731 5754 6026 2612 844 4114 -1 -1 4379 1958 5754 -1 4915 2443 -1 844 4931
Case #355: 0 -1 -1 -1 -1 -1 -1 -1 -1 -1 -1 -1 -1 -1 -1 -1 -1 -1 -1 -1 -1 -1 -1 -1 -1 -1 -1 -1 -1 -1 -1 -1 -1 -1 -1 -1 -1 -1 -1 -1 -1 -1 -1 -1 -1 -1 -1 -1 -1
Case #356: 0 -1 -1 -1 -1 -1 -1 1090 -1 -1 -1 -1 -1 -1 -1 -1 -1 -1 -1 -1 -1 -1 -1 -1 -1 -1 -1 -1 -1 -1 -1 -1 -1 -1 -1 -1 -1
Case #357: 0 -1 -1 -1 -1 -1 -1 -1 -1 -1 -1 -1 -1 -1 -1 -1 -1 -1 -1 -1 -1 -1 -1 -1 -1 -1 -1 -1 -1 -1 -1
Case #358: 0 2899 -1 -1 -1 -1 -1 -1 -1 -1 -1 -1 -1 -1 -1 -1 -1 -1 -1 -1 -1 -1 -1 -1 -1 -1 -1 -1 -1 -1 1437 -1 -1 -1 -1 -1 -1 -1 -1
Case #359: 0 -1 -1 -1 -1 -1 -1 -1 -1 -1 -1 -1 -1 -1 -1 -1 -1 -1 -1 -1 -1 -1 -1 -1 -1 -1 -1 -1 -1 -1 -1 -1 -1 -1 -1 -1 -1 -1 -1 -1 -1 -1
Case #360: 0 -1 -1 -1 -1 -1 -1 -1 -1 -1 -1 -1 -1 -1 -1 -1 -1 -1 -1 -1 -1 -1 -1 -1 -1 -1 -1 -1 -1 -1 -1 -1 -1 -1 -1 -1 -1 -1 -1 -1
Case #361: 0 -1 -1 -1 -1 -1 -1 -1 -1 -1 -1 -1 -1 -1 -1 1351 -1 -1 -1 427 -1 -1 -1 -1 -1 -1
Case #362: 0 -1 -1 -1 -1 -1 -1 -1 -1 -1 -1 -1 -1 -1 -1 -1 -1 -1 -1 -1 -1 -1 -1 -1 -1 -1
Case #363: 0 7198 4846 6578 2246 9112 3321 6312 6002 5147 6114 6763 9173 3321 7639 6491 6543 7115 7908 4586 9420 7638 8413 7063 6543 6114 5501 5498 6114 1683 -1 5538 6548 7306 -1 9173 6763 3511 3882 6075 6516
Case #364: 0 1767 -1 2978 2953 -1 1796 1466 962 2266 1943 2757 1943 1463 2345 2322 1767 1943 2425 2900 2330 2266 1767 962 2978 1767 962 2266 1463 2861 2449 2900 2322 2258 2266 3206 3811
Case #365: 0 -1 -1 -1 -1 -1 -1 -1 -1 -1 -1 -1 -1 -1 -1 -1 -1 -1 -1 -1 -1 -1 -1 -1 -1 -1 -1 -1 -1 -1 -1 -1 -1 -1 -1 339 -1 -1 -1 -1 -1 -1 -1 -1










Case #367: 0 -1 -1 -1 -1 -1 -1 -1 -1 -1 -1 -1 -1 -1 -1 -1 -1 -1 -1 -1 -1 -1 -1 -1 -1 -1 -1 -1 -1
Case #368: 0 1280 3743 1778 1271 1926 2534 820 3056 2167 2037 2037 460 2116 2829 2228 2075 2829 4436 3710 2167 2037 2037 4208 1796 2722 2224 3115 2037 -1 -1 2332 1577 2332 1347 2924
Case #369: 0 2496 -1 6199 -1 1607 -1 -1 2701 -1 -1 -1 -1 468 1769 -1 -1 2326 -1 468 1769 -1 468 -1 -1 1072 -1 -1 468
Case #370: 0 -1 -1 -1 -1 -1 -1 -1 -1 -1 -1 -1 -1 -1 -1 -1 -1 -1 -1 -1 -1 -1 -1 -1 -1 -1 -1
Case #371: 0 -1 -1 2237 -1 -1 -1 -1 -1 -1 -1 -1 2705 2237 -1 -1 -1 -1 -1 -1 -1 3311 1234 -1 -1 -1 -1 -1 -1 2705 -1 2705 -1 -1 -1 1771 -1 615 -1 615 -1 -1
Case #372: 0 3446 2318 6107 3446 3446 5294 5570 5534 -1 4121 3835 4827 1643 4760 3373 3446 4077 4880 4121 5339 4085 5768 4085 987 2496 2074 4880 5570 3446 2496 3835 3835 4085 4589 4887 1643 4510 3446
Case #373: 0 -1 1423 -1 579 2406 2074 -1 2083 2018 -1 -1 -1 1365 2647 -1 2018 -1 1423 -1 -1 -1 -1 -1 2074 -1 1987 1423 -1 579 579
Case #374: 0 7720 10393 7957 9909 8522 -1 9326 10531 7720 9930 8528 9792 -1 7985 8789 13666 11441 7985 8528 7720 7183 9455 8522 6351 9626 3509 9110 3509 10514 7183 8772 1730 9249 9021 7720 7183 10250 -1 11594 11114 7720 7720 8263
Case #375: 0 764 1400 764 764 1480 1261 1265 1289 764 1289 764 1696 1662 764 1400 764 1266 1265 1261 1265 764 1289 764 764 1618 764
Case #376: 0 13575 9037 7335 9037 1015 6849 13915 5623 15046 6207 8521 11757 10744 12252 6766 6849 9245 5623 11513 6509 4003 4422 10421 16550 12671 7389 14424 3264 5283
Case #377: 0 7748 5659 6142 5659 6350 6142 -1 6171 6171 6171 5659 1687 6350 6520 1687 5659 5659 1687 6171 5659 7755 6350 6858 6350 6350 6520 8072 6520 6346 5174 6835 6986 6171
Case #378: 0 -1 -1 -1 -1 -1 -1 -1 -1 -1 -1 -1 -1 -1 -1 -1 -1 1417 -1 -1 -1 -1 -1 -1 -1 -1 -1 -1 -1 -1 -1 -1 -1 -1 -1 -1 -1 -1 -1 -1
Case #379: 0 2017 2087 3220 3021 1883 2017 1355 1355 2493 2944 1478 1030 1800 3611 2087 1355 1478 1355 539 2554 2447 491 3196 1478 1355
Case #380: 0 -1 -1 -1 -1 -1 -1 -1 -1 -1 -1 -1 -1 -1 -1 -1 -1 522 -1 -1 -1 -1 -1 -1 -1 -1 -1 -1 -1 -1 -1 -1 -1 -1 -1 -1 -1 -1 -1 -1 -1 -1 -1 -1 -1
Case #381: 0 -1 -1 -1 -1 -1 -1 -1 -1 -1 -1 -1 -1 -1 -1 -1 -1 -1 -1 -1 -1 -1 -1 -1 -1 -1 -1 -1 -1 -1 -1 -1 -1 -1 -1 -1 -1 -1
Case #382: 0 1464 5005 3827 2876 3549 2111 2931 3615 1434 1016 2798 4226 3015 1434 1460 2931 3514 2737 2729 -1 2540 2254 4746 2254 1016 1773 5949 5974 3186 4036 2103 1460 1016 2080 3186 2041 2111 3781 2651 3158 3514 2111 3186 5492 4746 2111 1016 3549
Case #383: 0 2391 1531 1874 1716 986 1553 1035 461 1070 461 461 525 525 2156 1182 1481 1191 2004 1756 1387 1387 1191 1716 1756 1716 1866 986 986 986 461 986 1756 1481
Case #384: 0 -1 -1 -1 -1 -1 -1 -1 -1 -1 -1 -1 -1 -1 -1 -1 -1 -1 -1 -1 -1 -1 -1 -1 -1 -1 -1 -1 -1 -1 -1 -1 -1 -1
Case #385: 0 1760 2125 1128 1659 1659 2361 2656 2192 2125 2133 1905 3084 1128 2291 1828 1128 2545 470 2125 2416 2699 2125 1128 1945 1659 1170 1659 2291
Case #386: 0 -1 5171 5382 5882 6422 5277 3955 3322 4151 5006 6511 5262 1439 5330 6281 2577 6849 4492 5929 2196 2775 3962 3581 5840 5716 6849 4632 2775 2196 4389 3514 1821 3910 -1 1336 7461 3962 3476 3629 2775 5929 3910
Case #387: 0 -1 -1 -1 -1 -1 -1 -1 -1 -1 -1 -1 -1 -1 -1 1216 -1 -1 -1 -1 -1 -1 -1 -1 -1 -1 -1 -1 -1 -1 -1 -1 -1 -1 -1 -1 -1 -1 -1 -1 -1 -1 -1 -1 -1 -1
Case #388: 0 -1 -1 -1 -1 -1 -1 -1 -1 -1 -1 -1 -1 -1 -1 -1 -1 -1 -1 -1 -1 -1 -1 -1 -1 601 -1 -1 -1 -1 -1 -1 -1 -1 -1 -1 -1 -1 -1 -1
Case #389: 0 -1 -1 -1 -1 -1 -1 -1 -1 -1 -1 -1 -1 -1 -1 -1 -1 -1 -1 -1 -1 -1 -1 -1 -1 -1 -1 -1 -1 -1 -1 -1 -1 -1 -1 -1 -1 -1 -1 -1 -1 -1 -1 -1 -1 -1 -1 -1
Case #390: 0 -1 -1 -1 -1 -1 -1 -1 -1 -1 -1 -1 -1 -1 3277 1394 -1 -1 -1 -1 -1 -1 -1 -1 -1 -1 -1 4487 -1 -1 -1 -1 -1 -1 -1 -1 -1
Case #391: 0 -1 -1 -1 -1 -1 -1 -1 -1 -1 559 -1 -1 -1 -1 -1 -1 -1 -1 -1 -1 -1 -1 -1 -1 -1 -1 -1 -1 -1 1488 -1 -1 -1 -1 -1 1667 -1 -1 -1 -1 -1 -1 -1 -1 -1 -1
Case #392: 0 -1 -1 -1 -1 -1 -1 -1 -1 -1 -1 -1 -1 -1 -1 -1 -1 -1 -1 -1 -1 -1 -1 -1 -1 -1 -1
Case #393: 0 6165 2011 4560 1819 1747 724 3205 3681 5109 1520 7133 2626 5267 10696 4724 3681 2658 1287 4724 2104 2900 4004 724 3205 4389 2658 2658 5114 724 2658 3539 1747 4560 5797 1287 1478 2011 2532 5267 1819 5256 4389
Case #394: 0 2773 1667 4047 881 2312 2312 881 1838 3813 2312 -1 2312 -1 1838 2161 2312 1838 1838 2707 2775 1838 3439 2544 3034 2312 2161
Case #395: 0 -1 -1 -1 -1 649 -1 -1 -1 -1 -1 -1 -1 -1 -1 -1 -1 -1 -1 -1 -1 -1 -1 -1 -1
Case #396: 0 -1 -1 -1 -1 -1 -1 -1 -1 -1 -1 -1 -1 -1 -1 -1 -1 -1 -1 -1 -1 -1 -1 -1 -1 -1 -1 -1 -1 -1 -1 -1 -1 -1 -1 -1 -1 -1 -1 -1 -1 -1 -1 -1 -1 -1 -1
Case #397: 0 -1 -1 -1 -1 -1 -1 -1 -1 -1 -1 -1 -1 -1 797 -1 -1 -1 -1 -1 -1 -1 -1 -1 -1 -1 -1
Case #398: 0 4185 3459 1120 4796 2391 4406 1910 2374 4316 3940 3704 -1 4858 3459 3817 3940 2944 4796 -1 1120 2944 3324 3459 3867 4185 4022 2944 1910 2855 4432 4772 4787 2154 4797 3704
Case #399: 0 -1 -1 -1 -1 -1 -1 -1 -1 -1 -1 -1 -1 -1 -1 -1 -1 -1 -1 -1 -1 -1 -1 -1 -1 -1 -1 -1 -1 -1 -1 -1 -1 -1 -1 -1 -1 1017 -1 -1 -1 -1 -1 -1 -1
Case #400: 0 -1 -1 -1 -1 -1 -1 -1 -1 -1 -1 -1 -1 -1 -1 -1 -1 -1 -1 -1 -1 -1 -1 -1 -1 -1 -1 -1 -1 -1 -1 -1 -1 -1 -1 -1 -1 -1 -1 -1 -1 -1 -1 -1 -1 -1 -1
Case #401: 0 -1 -1 -1 -1 -1 -1 -1 -1 -1 -1 -1 -1 -1 -1 -1 -1 -1 -1 -1 -1 -1 -1 -1 -1 -1 -1 -1 -1 -1 -1 -1
Case #402: 0 2217 1672 2132 2616 2132 2217 1821 1724 2217 2071 1136 2217 2616 1865 2260 2071 1672 2071 1821 1672 1277 1672 2085 2071 2217 2132 1136 1681 1672 2540 2217 2185 2217 2217 2185 2217 2404 1672 1672 2223 2217 2217 2260 1821 2502 1865 2132 2217 2260 2217 1672 1672 2071 2673 1277 2132 2085 2132 1672 2217 1681 1681 1672 2085 2217 2071 2071 2132 1672 2185 1821
Case #403: 0 -1 -1 -1 -1 -1 -1 -1 -1 -1 -1 -1 -1 -1 -1 -1 -1 -1 -1 -1 -1 -1 -1 -1 -1 -1 -1 -1 -1 -1 -1 -1 -1 -1 -1 -1 -1 -1 -1 -1 -1 -1 -1 -1 -1 -1 -1 -1 -1 -1 -1 -1 -1 -1 -1 -1 -1 -1 -1 -1 -1 -1 -1 -1 -1 -1 -1 -1 -1 -1 -1 -1 -1 -1 -1 -1 -1 -1 -1 -1 -1 -1 -1 -1 -1 -1 -1 -1
Case #404: 0 -1 -1 -1 -1 -1 -1 -1 -1 -1 -1 -1 -1 -1 -1 -1 -1 -1 -1 -1 -1 -1 -1 -1 -1 -1 -1 -1 -1 -1 -1 -1 -1 -1 -1 -1 -1 -1 -1 -1 -1 -1 -1 -1 -1 -1 -1 -1 -1 -1 -1 -1 -1 -1 -1 -1 -1 -1 -1 -1 -1 -1 -1 -1 -1 -1 -1 -1 -1 -1 -1 -1 -1 -1 -1 -1 -1 -1 -1 -1 -1 -1
Case #405: 0 2679 2451 2451 2451 1942 2404 2715 3541 2959 2460 2451 2451 1886 1942 1886 2451 2956 2785 1942 2451 2451 2451 2959 2451 3181 2729 2700 3147 2959 2451 1942 2785 1942 1942 2451 2715 2451 2451 2451 2819 2785 2451 2700 2889 2451 2959 2889 2785 2636 2460 2451 2628 1942 2959 1942 2819
Case #406: 0 2177 1961 1961 1561 2507 1961 2726 1961 2435 1961 2177 2177 2177 2269 580 2177 1561 2177 1576 2507 2507 2269 580 1961 1181 2318 2494 1961 1961 2269 2766 2784 1720 2766 2386 1181 1961 1961 2269 2214 1181 1720 1961 2177 2177 2269 1961 2507 2177
Case #407: 0 1094 1477 956 813 1263 1469 1094 956 1122 475 475 956 1239 1178 969 813 1094 1122 956 1147 1356 1431 1431 1094 813 1122 1259 1307 1351 1357 475 1237 1094 1122 1386 1423 899 899 1294 813 1357 1094 1350 475 956 1094 749 1122 813 1122 1122 1094 1259 1122 1299 1459 1469 813
Case #408: 0 2792 2200 3738 3550 4000 3738 1528 4781 5173 3928 2700 2169 2574 3316 2200 3622 3583 4354 3577 3583 3137 3227 3904 4150 3274 4110 3171 3240 3227 4309 3881 3570 2931 1873 3061 3411 3227 3517 4855 3227 3138 4110 2350 3188 4002 2844 1873 3138 3629 1283 1873 3251 4297 3920 4110 3570 3570 3118 4092 3061 3904 3738 2896 3570 3640 3411 2200 2844 1873 4309 3227 4204 4432 4027 4297 677 4419 4290 3814 3517 4110 2896 2632 3693 3240 677 3570 3138 1873











Case #410: 0 4489 3693 3606 3924 2328 3346 3315 4055 3606 3734 2328 3320 2844 4098 3632 3315 3606 3606 4198 777 4127 3292 3315 4205 3931 3486 4205 2844 3320 777 3734 3320 4250 3632 2328 2328 2799 3315 3135 4122 2328 3632 3234 3486 3734 3135 3693 4122 3320 2328 3606
Case #411: 0 1427 1122 1028 1122 1451 1028 1630 1197 1028 1417 1028 698 1276 1028 1028 1276 1197 1028 1276 1276 1121 698 1435 1028 1122 1642 1122 698 698 1028 1028 994 1122 1028 1028 1121 1197 1028 698 1276 1435 698 698 1122 1122 1133 1028 1122 1028 1122 994 1197 1028 994 997 1028 1028 1028 1197 1028 1197 698 1028 1197 698 1028 1028 1028 1724 698 1122 1028 698 1122 1028 1197 1028 1451 1028 994 1028 1028 1028
Case #412: 0 2734 1808 1318 2051 2334 1808 2608 2208 2048 1696 3613 1810 2026 2927 2738 1696 1318 391 1808 2120 2734 2549 2608 2900 2549 2188 2549 2519 2332 769 1597 391 1259 2649 2557 2120 2171 2550 3065 1318 1789 1318 1808 2274 2274 2171 1318 1696 1789 1691 1597 2120 1318 3188 2549 1691 2120
Case #413: 0 1949 2643 2396 2752 1949 2571 1949 2571 2293 1949 2780 1949 2293 2712 2445 2293 2618 1949 1949 2483 2436 2548 2643 2571 2293 1949 1489 2416 2571 2514 2780 2293 1949 2753 1949 2293 2571 2753 2753 2293 2333 2545 1949 1949 2416 1949 2514 2396 1949 1949 2436 2436 2514 1949 2514 2436 2083 1949 2673 1949 2618 1949 2293 2545 2752 2293 2571 2968 2333 1489 1489 2712 2748
Case #414: 0 3160 3509 3567 2533 2477 3588 1315 3964 3138 2734 2477 2854 1829 3029 3895 3509 3138 3037 2888 3716 2477 2789 4192 3414 3037 1325 2477 3037 3029 2888 1829 1829 3942 3258 2477 3792 4368 3716 3037 2789 3160 1829 2477 3509 3037 3509 1829 1829 3650
Case #415: 0 -1 -1 -1 -1 -1 -1 -1 -1 -1 -1 -1 -1 -1 -1 -1 -1 -1 -1 -1 -1 -1 -1 -1 -1 -1 -1 -1 -1 -1 -1 -1 -1 -1 -1 -1 -1 -1 -1 -1 -1 -1 -1 -1 -1 -1 -1 -1 -1 -1 -1 -1 -1 -1 -1 -1 -1 -1 -1 -1 -1 -1 -1 -1 -1 -1 -1 -1 -1 -1 -1 -1 -1 -1 -1 -1 -1 -1 -1 -1 -1 -1 -1 -1 -1
Case #416: 0 954 1749 1576 1749 1457 1749 1695 1741 1749 1684 491 1695 1339 1695 1576 1695 954 1749 1576 1749 1695 1684 1385 1695 1232 954 1695 1457 1749 1684 1339 1339 1334 1741 1695 1647 1232 1457 1739 741 1695 1576 1749 1695 1684 1232 491 1695 954 1695 1684 1664 1695 1695 1749 954 1749 1695 1749 1204 1749 1457 1827 463 1232 1751 1232 954 1232 1749 1749 1739







Case #418: 0 1448 1736 1527 1812 1448 1099 1448 1120 796 1448 1736 1535 1735 1448 1448 1764 1099 1120 1150 1724 1252 1120 1124 1120 1448 1448 652 1762 1658 1091 1120 1736 1448 1448 796 1535 1736 1736 1535 1535 1150 1419 1581 796 1448 1415 1419 1395 1124 1535 739 1614 1448 1419 1535 1448 796 1626 796 1448 796 1448 1436 1535 1447 1711 1419 1448 1415 1748 1419 1448 1448
Case #419: 0 -1 -1 -1 -1 -1 -1 -1 -1 -1 -1 -1 -1 -1 -1 -1 -1 -1 -1 -1 -1 -1 -1 -1 -1 -1 -1 -1 -1 -1 -1 -1 -1 -1 -1 -1 -1 -1 -1 -1 -1 -1 -1 -1 -1 -1 -1 -1 -1 -1 -1 -1 -1 -1 -1 -1 -1 -1 -1 -1 -1 -1 -1 -1 -1 -1 -1 -1 -1 -1 -1 -1 -1 -1 -1 -1 -1 -1 -1 -1 -1 -1 -1 -1 -1 -1 -1 -1 -1 -1 -1 -1 -1 -1 -1 -1 -1 -1 -1
Case #420: 0 1071 751 1339 1093 1269 1071 1028 1339 1113 1339 1066 941 1028 1269 1042 912 1229 1339 967 1099 1453 797 1266 751 1244 1071 861 743 1269 980 1461 1244 1270 1546 888 888 1196 1071 751 1000 395 1138 1269 912 1229 1138 1339 1091 611 912 633 1269 633 1071 1244 1066 1042 395 1153 1230 1269 1138 763 851 1090 1138 912 356 1174 633 1281 1562 277 751 1071 1046 1269 277 1028 633 1065
Case #421: 0 -1 -1 -1 -1 -1 -1 -1 -1 -1 -1 -1 -1 -1 -1 -1 -1 -1 -1 -1 -1 -1 -1 -1 -1 -1 -1 -1 -1 -1 -1 -1 -1 -1 -1 -1 -1 -1 -1 -1 -1 -1 -1 -1 -1 -1 -1 -1 -1 -1 -1 -1 -1 -1 -1 -1 -1 -1 -1 -1 -1 -1 -1 -1 -1 -1 -1 -1 -1 -1 -1
Case #422: 0 5612 7074 6309 5565 6674 3537 6844 6996 5777 7197 3537 7663 7353 7155 6978 7554 6257 7643 5108 6689 6756 6081 6087 6652 3537 6764 6087 7831 5130 7974 7628 7250 7106 6323 6309 7156 7974 6761 8114 3869 5190 7801 6451 6590 5130 6081 6124 1129 6279 6590 7086 7423 6674 4293 6257 8073 5612 6257 5777 7135 6895 7694 8590 7914 7315 7197 6778 6843 7239 2972 6239 5190 4434 4543 7159 8098 7205 5612 5130 6594 6279 6674 7210 6124 6081 5695 7929 5755 7315 6674
Case #423: 0 -1 -1 -1 -1 -1 -1 -1 -1 -1 -1 -1 -1 -1 -1 -1 -1 -1 -1 -1 -1 -1 -1 -1 -1 -1 -1 -1 -1 -1 -1 -1 -1 -1 -1 -1 -1 -1 -1 -1 -1 -1 -1 -1 -1 -1 -1 -1 -1 -1 -1 -1 -1 -1 -1 -1 -1 -1 -1 -1 -1 -1
Case #424: 0 -1 -1 -1 -1 -1 -1 -1 -1 -1 -1 -1 -1 -1 -1 -1 -1 -1 -1 -1 -1 -1 -1 -1 -1 -1 -1 -1 -1 -1 -1 -1 -1 -1 -1 -1 -1 -1 -1 -1 -1 -1 -1 -1 -1 -1 -1 -1 -1 -1 -1 -1 -1 -1 -1 -1 -1 -1 -1 -1 -1 -1 -1 -1 -1 -1 -1 -1 -1 -1 -1 -1 -1 -1 -1 -1 -1 -1 -1 -1 -1 -1 -1 -1 -1 -1 -1 -1 -1 -1 -1
Case #425: 0 4735 4965 3594 4133 6425 3594 5895 4133 4802 4632 5535 6150 2585 4559 4924 4942 5463 5200 3124 3124 4924 6150 3049 3594 3915 3983 5565 5174 6002 6167 4924 3254 5113 4632 4924 4924 1180 5278 6425 4263 5463 6043 4924 3594 3594 2585 6150 3049 6043 6150 5463 4924 4802 4802 4263 3793 5648 6305 6150 4924 5246 4454
Case #426: 0 -1 -1 -1 -1 -1 -1 -1 -1 -1 -1 -1 -1 -1 -1 -1 -1 -1 -1 -1 -1 -1 -1 -1 -1 -1 -1 -1 -1 -1 -1 -1 -1 -1 -1 -1 -1 -1 -1 -1 -1 -1 -1 -1 -1 -1 -1 -1 -1 -1 -1 -1 -1 -1 -1 -1 -1 -1 -1 -1 -1 -1 -1 -1 -1 -1 -1 -1 -1 -1 -1 -1 -1 -1 -1 -1 -1 -1 -1 -1 -1 -1 -1 -1 -1 -1 -1
Case #427: 0 -1 -1 -1 -1 -1 -1 -1 2801 -1 -1 -1 -1 -1 -1 -1 3256 -1 -1 1467 -1 -1 -1 -1 -1 -1 -1 -1 -1 -1 -1 -1 -1 -1 -1 -1 -1 -1 -1 -1 -1 -1 -1 -1 -1 -1 -1 -1 -1 -1 -1 -1 -1 -1 -1 -1 -1 4580 -1 -1 -1 -1 -1 -1 -1 -1 -1 -1 -1 -1 -1 -1 -1 -1 -1 -1 -1 -1 -1 -1 -1 -1 -1 -1 -1 -1 -1 -1
Case #428: 0 -1 -1 -1 -1 -1 -1 -1 -1 -1 -1 -1 -1 -1 -1 -1 -1 -1 -1 -1 -1 -1 -1 -1 -1 -1 -1 -1 -1 -1 -1 -1 -1 -1 -1 -1 -1 -1 -1 -1 -1 -1 -1 -1 -1 -1 -1 -1 -1 -1 -1 -1 -1 -1 -1 -1 -1 -1 -1 -1 -1 -1 -1 -1
Case #429: 0 -1 -1 -1 -1 -1 -1 -1 -1 -1 -1 -1 -1 -1 -1 -1 -1 -1 -1 -1 -1 -1 -1 -1 -1 -1 -1 -1 -1 -1 -1 -1 -1 -1 -1 -1 -1 -1 -1 -1 -1 -1 -1 -1 -1 -1 -1 -1 -1 -1 -1 -1 -1 -1 -1 -1 -1 -1 -1 -1 -1 -1 -1 -1 -1 -1 -1 -1 -1 -1 -1 -1 -1 -1 -1 -1 -1 -1 -1
Case #430: 0 2951 2737 3218 2939 1127 1779 2603 2356 2359 1789 2359 2906 2830 3656 2820 2717 1937 2114 3263 2904 2737 2694 2513 1005 2190 2899 2685 2356 2356 1958 2753 3360 1897 2314 2981 2685 2597 2356 1789 2356 2273 2202 1528 2780 1789 2268 2515 1416 2336 1486 2356 3128 2924 2408 3119 2737 2505 2499 1834 2186 2820 2737 2737 2190 3330 2924 2684 1127 3424 411 2359
Case #431: 0 -1 -1 -1 -1 -1 -1 -1 -1 -1 -1 -1 -1 -1 -1 -1 -1 -1 -1 -1 -1 -1 -1 -1 -1 -1 -1 -1 -1 -1 -1 -1 -1 -1 -1 -1 -1 -1 -1 -1 -1 -1 -1 -1 -1 -1 -1 -1 -1 -1 -1 -1 -1 -1 -1 -1 -1 -1 -1 -1 -1 -1 -1 -1 -1 -1 -1 -1 -1 -1 -1 -1 -1 -1 -1 -1 -1 -1 -1 -1 -1
Case #432: 0 -1 -1 -1 -1 -1 -1 -1 -1 -1 -1 -1 -1 -1 -1 -1 -1 -1 -1 -1 -1 -1 -1 -1 -1 -1 -1 -1 -1 -1 -1 -1 -1 -1 -1 -1 -1 -1 -1 -1 -1 -1 -1 -1 -1 -1 -1 -1 -1 -1 -1 -1 -1 -1 -1 -1 -1 -1 -1 -1 -1 -1 -1 -1 -1 -1 -1 -1 -1 -1 -1 -1 -1 -1 -1 -1 -1 -1 -1 -1 -1 -1 -1 -1 -1 -1 -1 -1 -1 -1 -1 -1 -1 -1 -1 -1 -1
Case #433: 0 -1 -1 -1 -1 -1 -1 -1 -1 -1 -1 -1 -1 -1 -1 -1 -1 -1 -1 -1 -1 -1 -1 -1 -1 -1 -1 -1 -1 -1 -1 -1 -1 -1 -1 -1 -1 -1 -1 -1 -1 -1 -1 -1 -1 -1 -1 -1 -1 -1 -1 -1 -1 -1 -1 -1 -1 -1 -1 -1 -1 -1 -1 -1 -1 -1 -1 -1 -1 -1 -1 -1 -1 -1 -1 -1 -1 -1 -1 -1 -1 -1 -1 -1 -1 -1 -1 -1 -1 -1 -1 -1 -1 -1
Case #434: 0 1866 479 1534 1664 1946 863 1387 1713 1397 1467 1379 1741 1627 1379 2137 1379 1809 2059 1946 1946 1387 1379 1849 1490 1954 1809 1159 1616 479 1834 900 1946 2059 1969 1844 1866 1726 1866 1379 1387 1449 1834 1969 1935 1427 1717 1159 1490 1159 1849 1946 1969 1534 1379 1616 1994 479 1914 1397 1686 1490 1700
Case #435: 0 364 1616 1021 1799 1667 2091 1906 364 2283 1598 1849 759 2222 1859 1859 1364 1183 1598 1691 2049 759 1691 1906 364 1691 1090 2140 759 744 1859 1598 1364 1550 1364 744 2184 1647 1954 2042 2140 744 1849 2107 744 2115 1183 1962 364 1647 1598 1721 1183 1799 2042 364 1680 1616 1667 931 1667 1616 1647 2358 364 1550 1774 1680 1774 931 1598 931 2408
Case #436: 0 1845 2364 1739 1739 2481 2149 2212 1845 1157 1695 2254 2127 1695 2282 1933 1695 1739 1845 1247 1716 2298 2066 2254 2364 2306 688 2298 1247 2254 1739 1695 2801 1695 1988 1739 2254 2212 2127 2473 1157 1695 1695 1695 1739 2298 2306 1157 2364 1739 2298
Case #437: 0 4536 3539 4181 4134 3429 4001 3883 4391 3774 4391 3403 3677 3429 3683 3911 3460 4592 1979 4267 4391 3883 3403 3883 3712 3883 3883 3024 3677 5222 4448 4134 2838 4571 3429 3024 3024 4391 1979 3712 3775 2873 3677 4475 4391 3883 4371 3883 3883 3910 3024 3883 2873 3429 2873 4025 4448 4267 4331 4317 1471 3883 3024 4275 3024
Case #438: 0 2174 2583 1628 2288 2073 970 2073 1484 2100 2102 2561 1786 1484 1960 2019 2836 1484 2389 2073 2288 2633 2174 1960 2929 1908 2141 2959 2633 1923 2699 2409 2834 970 1442 2583 2432 1900 1040 2019 2086 1628 1484 2322 1850 2364 2140 2254 2493 2692 2508 2141 1960 1040 2389 1484 2706 2785 1628 2019 2019 2174 2101 2322 1171 2948 2174 2073 2543 2409 1850 2019 2432 2476 2633 2342 2476 2110 2010 2508 2650 2457 2409 1850
Case #439: 0 2887 3257 3866 2097 2623 3830 3842 2640 3777 2623 3257 3297 3187 3646 3979 1811 3138 3412 2712 3648 3297 3297 2097 3297 3436 2737 2623 3259 1274 3318 3099 2640 2097 3318 3257 3259 3001 1366 3753 2986 3794 3259 2852 1601 2529 3515 4359 3794 2852 3055 4011 3794 2623 3436 3230 3280 3542 2434 1811 2661
Case #440: 0 2706 4035 3495 2809 3431 2706 1278 3460 3149 2706 2879 3620 2706 2706 3592 2830 2706 2810 2706 3642 3896 2706 3779 3611 3219 2810 3431 3460 2353 2706 2179 3460 2706 3660 3343 3487 2706 2353 2706 2809 3219 2706 3446 1932 4347 3545 1932 2830 1932 2706 3855 2706 3896 3965 3999 3460 3255 2706 3118 3343 3460 3642 3487 2706 3074 2713 3431 2353
Case #441: 0 2476 2368 2476 1924 1871 1552 2476 2046 2476 2476 1871 1871 2476 2476 1924 2046 2476 2137 2137 1236 1871 2339 2476 2476 1871 2476 1712 1712 2476 1236 1319 1712 2476 1712 1871 2476 1236 2476 1871 1871 2476 2476 2476 1871 1924 2476 2476 2339 605 2476 1871 605 2476 1871 2476 2324 2787 2476 2137 2469 2339 2476 1871 2476 2400 3154 2476 2404 1924 2383 2469 2476 1552 2476 2476 2105 2476 2339 2476 1871 2339 2476 2368 2476 2476 2404 1976 1236
Case #442: 0 2211 2775 2775 2022 2688 2688 1368 827 2740 3113 2867 1398 827 2847 3512 1398 2473 1861 1398 2284 2129 2069 2850 2423 1813 2004 2423 2164 2022 541 3063 2867 2710 1813 2564 2847 1398 1919 2784 2203 1398 1899 2914 1398 2128 2164 2775 541 1368 2223 1398 1652 2811 2223 2516 1652 1398 1677 1368 1384 2212 2281 3122 2164 1398 2004 1861 1892 2775 827 2423 1652 2423 827 2332 1398 2423 2370 2975 3081 1398 2516
Case #443: 0 7851 6741 7631 7460 6771 7460 8010 7733 6947 7039 6806 7495 6321 6790 7508 7362 5082 6294 7476 6238 6790 6790 6785 7089 8446 7272 5471 7508 7272 7039 7733 2418 7460 7272 6790 8122 7631 7524 6569 7272 6824 7508 7506 7452 6947 5588 6369 7579 6280 7320 6790 7952 6321 4998 7360 5650 6280 7911 5681 7802 7072 6294 6321 7586 8017 7360 4810 6771 4127 7272 7245 6238 1639 7785 6280 7272 7360 7565 6459 7272 7460 6785 7844 6790 5681 5953 7586 7312 7508
Case #444: 0 -1 -1 -1 -1 -1 -1 -1 -1 -1 -1 -1 -1 -1 -1 -1 -1 -1 -1 -1 -1 -1 -1 -1 -1 -1 -1 -1 -1 -1 -1 -1 -1 -1 -1 -1 -1 -1 -1 -1 -1 -1 -1 -1 -1 -1 -1 -1 -1 -1 -1 -1 -1
Case #445: 0 2651 2130 3543 2651 2951 2160 2651 1684 2177 2412 2651 1684 2177 2130 3053 2651 3027 2951 1228 2177 3053 1684 1684 1684 3027 2130 1684 2177 2177 1861 2534 3053 1228 1228 2412 3383 1684 2671 3489 2177 2177 1684 2651 2900 2412 1684 2177 2177 1684 2951 2651 2534 2586 2130 2130 3053 2639 1684 1684 1684 1684
Case #446: 0 1248 762 1041 1335 1041 1381 1248 1335 1533 1406 1164 1335 762 1434 1551 1041 762 762 1297 1363 1406 1041 1041 1170 1041 1248 1041 1363 1041 1335 1363 762 1041 1248 762 762 1041 1363 1335 1427 762 1041 1248 1551 1164 1703 1041 1612 1170 762 1335
Case #447: 0 7293 7142 5471 6954 7974 6155 7327 6274 6960 7761 7434 8719 7500 8621 7824 7176 5940 7855 7225 7366 7824 8019 6613 6447 3622 6960 6942 6954 8179 8538 6918 7646 7533 7589 7995 4118 8479 5329 6918 6613 7684 8328 7824 1940 5940 6447 8146 7666 6613 8200 7615 8129 7723 5471 7764 8543 5471 6993 7940 8461 7485 8641 7905 8295 7426 7676 7666 7905 6373 7698 8056 7459 7426 7828 7666 6373 7515 8060 7666
Case #448: 0 1300 1521 1521 1090 1157 1880 1157 1528 1589 1090 1300 1319 1090 1521 1521 1980 1157 616 1300 1090 1157 616 1319 1676 1090 1090 1933 1875 1629 1589 1157 1319 1676 1671 1090 1521 1621 1090 1559 1521 1090 1980 1300 1528 616 1521 1090 616 1521 1521 1933 1157 1430 616 1521 1638 1629 616 1985 1589
Case #449: 0 3175 3695 3438 2722 2492 3605 3458 3284 1578 2811 1349 2254 3551 3200 3266 2492 3273 2886 2886 3284 2886 3273 3370 2922 2492 3604 3458 1349 2886 2492 3049 2197 623 623 2492 1968 2956 2492 2492 1578 2956 2722 2492 3055 3527 3284 3728 1471 2492 2886 2229 2955
Case #450: 0 -1 -1 -1 -1 -1 -1 -1 -1 -1 -1 -1 -1 -1 -1 -1 -1 -1 -1 -1 -1 -1 -1 -1 -1 -1 -1 -1 -1 -1 -1 -1 -1 -1 -1 -1 -1 -1 -1 -1 -1 -1 -1 -1 -1 -1 -1 -1 -1 -1 -1 -1 -1
Case #451: 0 1760 3025 2228 1760 2957 3591 3423 2980 3814 2369 2731 3171 2673 2836 3152 2369 1293 3549 3447 3652 823 4069 2980 3498 1958 634 4038 2862 3442 3357 2723 3724 2240 4343 634 2851 2886 3519 2384 2836 3655 2558 3637 3853 3740 4082 1902 3812 3498 2203 2228 1293 3407 1101 2670 2011 3140 2032
Case #452: 0 -1 -1 -1 -1 -1 -1 -1 -1 -1 -1 -1 -1 -1 -1 -1 -1 -1 -1 -1 -1 -1 -1 -1 -1 -1 -1 -1 -1 -1 -1 -1 -1 -1 -1 -1 -1 -1 -1 -1 -1 -1 -1 -1 -1 -1 -1 -1 -1 -1 -1 -1 -1 -1 -1 -1 -1 -1 -1 -1 -1 -1 -1 -1 -1 -1 -1 -1 -1 -1 -1 -1 -1 -1 -1 -1 -1 -1 -1 -1 -1 -1 -1 -1 -1 -1 -1 -1 -1 -1 -1 -1 -1 -1 -1 -1 -1
Case #453: 0 1739 1453 1328 1682 2037 1359 1938 2062 1328 1747 1795 1504 2011 640 1153 1484 1732 1793 1435 1328 1801 2092 1519 447 1822 1839 1740 1453 1153 2189 2143 1712 1359 1369 1699 1793 2514 2187 975 1795 1368 1818 2023 1422 1797 1331 993 988 1722 640 2021 2149 988 1524 1865 1439 1657 1865 1657 1793 1943 2069 1359 1331 2127 1453 1819 2069 1717 1697 1435 1796 1949 1886
Case #454: 0 5038 3648 5291 3205 4521 5652 4350 5278 3824 4313 5021 3028 4430 3403 5733 4313 5426 5065 5483 4313 3739 3405 2903 3045 1487 4482 4461 3127 4434 6152 4121 2947 5065 4681 5233 4413 1577 4662 4255 2212 4681 6109 4681 6023 1652 5690 5442 4500 3767 3919 4919 4914 5254 4932 5120 4553 2678 6035 3698 3873 4564 4662 4149 2947 4598 3445 3950 4641 4149 4640 4598 4414 5042 1017 3963 5889 1652 5114 5252
Case #455: 0 1484 1232 894 1442 1320 1609 1404 940 1337 1033 940 1297 940 1413 1233 1269 902 1320 1195 1320 1320 1442 1442 1498 1369 1325 1033 1320 1320 1442 894 1320 1280 1280 1233 1325 1280 1280 1211 894 1361 940 1337 1413 1320 894 894 1566 1320 1362 1195 1369 1195 1320 894 1413 1233 1442 1298 1280 1302 1359 1297 1232 894 1280 1404 1269 1320 1211 984 1320 1369 1360 558 1442 1361 1525 1320 1337 1280 1404 1489 1369 1320 894 902 400 1320 1559 1484 1562 940 1325 894 1291 1325
Case #456: 0 1874 2233 1643 1643 2019 2227 1772 2227 2234 1945 2018 1874 1885 1893 1923 1917 2018 1600 2227 1737 1795 2131 1346 1887 1975 1906 1600 1524 2224 1101 2240 1388 2366 2212 2018 1738 1906 1901 2020 1837 1906 2375 2224 996 1874 607 1874 2187 1524 1795 1937 2240 607 2375 1643 1284 1595 1929 918 1928 2240 2227 1937 1737 1524 2144 1535 2097 1811 2224 2007 1403 1626 996 1669 1874 2366 1753 1795 1101
Case #457: 0 -1 -1 -1 -1 -1 -1 -1 -1 -1 -1 -1 -1 -1 -1 -1 -1 -1 -1 -1 -1 -1 -1 -1 -1 -1 -1 -1 -1 -1 -1 -1 -1 -1 -1 -1 -1 -1 -1 -1 -1 -1 -1 -1 -1 -1 -1 -1 -1 -1 -1 -1 -1 -1 -1 -1 -1 -1 -1 -1 -1 -1 -1 -1 -1 -1 -1 -1 -1 -1 -1 -1 -1 -1 -1 -1 -1 -1 -1 -1 -1 -1 -1 -1 -1 -1 -1 -1 -1 -1 -1 -1 -1 -1 -1 -1 -1 -1 -1 -1 -1 -1 -1 -1 -1 -1 -1 -1 -1 -1 -1 -1 -1 -1 -1 -1 -1 -1 -1
Case #458: 0 1235 1356 1303 1874 1739 1382 1218 1143 1218 1739 1356 1161 1843 1382 1218 1655 1707 2187 1303 2187 1843 622 1978 622 1235 1900 1687 1655 1382 1707 1298 1382 1426 2080 1978 1707 1373 1218 1218 1382 1879 1687 1707 1717 1218 1382 596 1687 622 1765 622 1862 1356 1739 1707 1382 1655 1687 760 1218 1218 1356 1706 1218 1382 760 1955 1900 1218 1948 1822 1955 1111 1682 1218 1218 1873 1218 1373 1218 1218 1855 596 1218 1218 1978 1707 2146 1169 1356 1978 1751 1646 1707 1969 1218 1765 1304 1765 622 2191 622 2278 1857 1218 1169 2187
Case #459: 0 559 859 559 559 559 559 559 559 559 559 559 559 559 559 559 559 559 559 559 559 559 559 559 879 559 559 559 559 559 559 559 847 559 559 559 559 559 559 559 559 559 559 559 559 559 559 559 559 860 559 559 559 559 559 559 559 559 559 559 559 559 559 559 559 559 559 559 895 559 559 559 559 559 559 559 559 559 559 559 559 889 559 559 559 559 920 847 893 559 559 559 559 559 559 559 559 559 559 847 559 559
Case #460: 0 -1 -1 -1 -1 -1 -1 -1 -1 -1 -1 -1 -1 -1 -1 -1 -1 -1 -1 -1 -1 -1 -1 -1 -1 -1 -1 -1 -1 -1 -1 -1 -1 -1 -1 -1 -1 -1 -1 -1 -1 -1 -1 -1 -1 -1 -1 -1 -1 -1 -1 -1 -1 -1 -1 -1 -1 -1 -1 -1 -1 -1 -1 -1 -1 -1 -1 -1 -1 -1 -1 -1 -1 -1 -1 -1 -1 -1 -1 -1 -1 -1 -1 -1 -1 -1 -1 -1 -1 -1 -1 -1 -1 -1 -1 -1 -1 -1 -1 -1 -1 -1 -1 -1 -1 -1 -1 -1 -1 -1 -1 -1 -1 -1 -1 -1 -1 -1 -1 -1 -1 -1 -1 -1 -1 -1 -1 -1 -1 -1 -1 -1 -1 -1 -1 -1 -1 -1 -1 -1 -1 -1
Case #461: 0 -1 -1 -1 -1 -1 -1 -1 -1 -1 -1 -1 -1 -1 -1 -1 -1 -1 -1 -1 -1 -1 -1 -1 -1 -1 -1 -1 -1 -1 -1 -1 -1 -1 -1 -1 -1 -1 -1 -1 -1 -1 -1 -1 -1 -1 -1 -1 -1 -1 -1 -1 -1 -1 -1 -1 -1 -1 -1 -1 -1 -1 -1 -1 -1 -1 -1 -1 -1 -1 -1 -1 -1 -1 -1 -1 -1 -1 -1 -1 -1 -1 -1 -1 -1 -1 -1 -1 -1 -1 -1 -1 -1 -1 -1 -1 -1 -1 -1 -1 -1 -1 -1 -1 -1 -1 -1 -1 -1 -1 -1 -1 -1 -1 -1 -1 -1 -1 -1
Case #462: 0 458 458 458 458 458 873 868 825 458 868 458 458 458 458 873 825 873 458 458 868 458 458 868 458 825 825 873 458 850 458 458 873 825 458 458 458 825 458 458 873 458 458 868 458 458 825 458 458 868 868 868 458 868 868 868 868 458 458 873 873 868 868 458 458 868 873 825 458 868 873 825 868 825 868 415 908 873 868 873 458 458 458 537
Case #463: 0 746 744 1023 1036 1021 746 392 746 746 1036 942 1038 746 1036 799 1036 746 1036 1021 751 1024 746 746 746 744 1023 744 746 746 1036 909 1038 744 1036 746 1036 1036 746 746 1036 746 746 1036 746 1032 746 1036 746 942 746 909 746 746 746 1038 751 359 746 1036 1036 746 1036 746 799 746 746 746 392 746 751 746 1036 746 1080 746 751 746 746 746 746 392 1024 1036 1036 746 1036 746 1023 751 751 744 746 746 746 1029 746 1021 1036 746 746 744 1091 746 799 756 746 1036 746 746 751 746 751 746 1053 751 746 1036 1021 942 746 1029
Case #464: 0 1176 1266 1461 1176 1263 1301 1266 1479 1271 1246 1271 905 905 1176 1244 905 1548 1266 1486 1261 1266 1379 1479 905 1244 905 1271 1301 1263 1336 1176 1176 1421 1664 1528 1271 1271 905 1461 1265 1368 905 1368 1336 905 1336 1263 1371 1246 905 1336 1486 1301 1266 1266 905 905 1336 905 1466 905 1176 1271 1581 1176 1176 1176 1371 1176 1266 1368 1368 1368 1368 1263 1180 1261 1266 905 1263 905 981 1266 905 1461 1301 1263 1368 1479 1271
Case #465: 0 2409 2039 2432 2448 2610 2048 2122 2087 2372 2039 2415 2432 2232 2303 2039 2372 2039 2087 2314 2409 2380 2574 2122 2039 2384 2039 1969 2039 1126 1385 2122 1928 2372 2087 1819 2039 2039 1502 2216 2039 2432 2203 2039 2232 2039 2291 2087 2392 2334 2087 2039 2610 2080 761 2339 1969 2039 1618 2448 2087 1618 2087 1969 2212 2363 2448 2432 2019 2384 2432 1678 2039 2291 1880 2039 2432 2087 2203 2432 2392 2039 2409 2039 2448 2039 2232 2409 2039 2087 2425 2184 2039 2189 2415 2039 2677 2251 2448 2212 2039 1265 2291 2203 2039 2392 1630 2574 2417
Case #466: 0 1083 1528 1453 1419 2084 843 1934 1828 1808 1170 1292 1687 1382 876 1251 843 1128 843 1343 1892 1987 1182 2044 800 1709 1892 1182 1740 1576 1768 1182 2156 1292 1456 1706 1687 1170 1558 406 957 1558 1456 1292 1343 406 1458 1810 1591 406 1258 1742 1407 1444 977 1418 1811 1934 807 1456 1456 1275 1740 1130 2156 1719 1401 1618 1687 406 988 1740 1401 1456 1292 2601 1768 1569 1251 406 1528 1795 988 1292 1130 1292 1864 1558 1130 1401 1935 1407 2053 1558 1740 843 1453 1121 1907 1128 1323 876 1618 1130 1698 1744 2017 1407 1618 1828 2282 1528 1801 1558 772 1382 1901 1182 1529 2123 807 1903 1733 2282 2044 1458 1719
Case #467: 0 -1 -1 -1 -1 -1 -1 -1 -1 -1 -1 -1 -1 -1 -1 -1 -1 -1 -1 -1 -1 -1 -1 -1 -1 -1 -1 -1 -1 -1 -1 -1 -1 -1 -1 -1 -1 -1 -1 -1 -1 -1 -1 -1 -1 -1 -1 -1 -1 -1 -1 -1 -1 -1 -1 -1 -1 -1 -1 -1 -1 -1 -1 -1 -1 -1 -1 -1 -1 -1 -1 -1 -1 -1 -1 -1 -1 -1 -1 -1 -1 -1 -1 -1 -1 -1 -1 -1 -1 -1 -1 -1 -1 -1 -1 -1 -1 -1 -1 -1 -1 -1 -1 -1 -1 -1 -1 -1 -1 -1 -1 -1 -1 -1 -1 -1 -1 -1 -1 -1 -1 -1 -1
Case #468: 0 2640 1299 2060 2875 2458 1820 970 1648 2689 2440 3127 2882 2734 2515 2693 2573 2556 2015 2680 3420 1136 2758 2905 2978 2608 2261 2320 1882 1586 2976 2927 1699 1403 2387 3008 2607 2635 2506 2845 3314 2530 2631 1699 2373 2857 2373 2273 2079 2515 1721 2399 2348 2882 2619 3020 2068 1710 1699 2468 1328 3010 2551 1648 2320 2344 2537 2386 2440 2714 1567 1299 2402 2399 3166 2693 2106 2552 2432 2377 3193 1723 3531 3192 2601 2601 2693 2693 2475 2659 3220 1932 358 2008 3297 2383 1379 2669 2006 3245 2424 2856 3340 2612 2028 3008 1328 3762 2344 1328 1723 2320 2980 2970 2669 1586 1299 2905 2344 1932 1403 2718 2731 2718 2976 2762 2962 2693 2974 2631 1648 2261 1740 2851 3313 678 2813 2993 1379 2612 2106 2060 2258 2964 1723
Case #469: 0 -1 -1 -1 -1 -1 -1 -1 -1 -1 -1 -1 -1 -1 -1 -1 -1 -1 -1 -1 -1 -1 -1 -1 -1 -1 -1 -1 -1 -1 -1 -1 -1 -1 -1 -1 -1 -1 -1 -1 -1 -1 -1 -1 -1 -1 -1 -1 -1 -1 -1 -1 -1 -1 -1 -1 -1 -1 -1 -1 -1 -1 -1 -1 -1 -1 -1 -1 -1 -1 -1 -1 -1 -1 -1 -1 -1 -1 -1 -1 -1 -1 -1 -1 -1 -1 -1 -1 -1 -1 -1 -1 -1 -1 -1 -1 -1 -1 -1 -1 -1 -1
Case #470: 0 3996 5031 4073 5345 4110 3665 3585 4073 4954 5126 1169 2751 3785 4398 5107 4583 4351 3762 5351 3746 4412 3767 3831 3762 4796 5007 5128 3372 2305 4441 4378 4874 4497 4251 4797 4602 4412 4308 3140 5023 4266 3746 3665 3996 4533 4266 5248 3996 3660 4556 3996 4595 4556 4604 3140 4079 4813 4441 4617 5026 4506 3989 4792 4797 4828 3140 2598 4481 3140 5071 4583 3665 4556 3941 2598 4905 3996 4308 3996 4797 4617 5062 3996 4935 3660
Case #471: 0 -1 -1 -1 -1 -1 -1 -1 -1 -1 -1 -1 -1 -1 -1 -1 -1 -1 -1 -1 -1 -1 -1 -1 -1 -1 -1 -1 -1 -1 -1 -1 -1 -1 -1 -1 -1 -1 -1 -1 -1 -1 -1 -1 -1 -1 -1 -1 -1 -1 -1 -1 -1 -1 -1 -1 -1 -1 -1 -1 -1 -1 -1 -1 -1 -1 -1 -1 -1 -1 -1 -1 -1 -1 -1 -1 -1 -1 -1 -1 -1 -1 -1 -1 -1 -1 -1 -1 -1 -1 -1 -1 -1 -1 -1 -1 -1 -1 -1 -1 -1 -1 -1 -1 -1 -1 -1 -1 -1 -1 -1 -1 -1 -1
Case #472: 0 2565 2075 1584 2075 1388 2961 1659 2278 2569 2686 994 2189 2397 2397 2397 2448 2271 2454 2930 2229 1323 2164 2400 1887 2234 1887 2075 2701 1941 994 2771 1633 1887 2312 2706 2372 1584 2454 2454 2976 2569 2164 2732 2448 929 2552 2006 929 2271 2450 2154 1659 1923 2397 2164 2534 2552 2085 2027 2397 2706 2234 2454 2372 2150 2736 2292 2164 2454 2027 1966 2310 2454 2454 1949 1949 1835 2828 2006 2722 2638 2578 2234 2075 2271 2075 2454 2271 1323 2498 1900 1923 1887 2372 2578 929 1835 2234 2587 2150 1678 2498 2397 1887 1923 2722 2372 2498 2454 1659 1584 2578 2911 994 2552 2397 2582 2272 2272 2234 2027 1388 2189 2547 2582 2407 1923 1529 2454 2454 1323 2397 1923 1966 2027 1949 2454 1678 2400 2400 2372 994 2027