Case #1: iIs}G!/wa'
Case #2: o:7>3?)7~2
Case #3: Y5rw9f=Z2{
Case #4: guqIC=3m]-
Case #5: ;OY9w?ygi'
Case #6: ao{#GOk5U9
Case #7: |:[+>[p)1x
Case #8: BU[CeG5ZW|
Case #9: Dtv>lbzl*x
Case #10: Gq-wY#q7y#
Case #11: <f^h$.F&2^
Case #12: 7GcgE)]!-!
Case #13: ?usy37Y'1A
Case #14: Xzc[T=BGOY
Case #15: i92FPh]tb`
Case #16: NrXu\0P.MH
Case #17: y7[K{[SoIO
Case #18: m)/(B05n4X
Case #19: YUEs-)A[97
Case #20: 8jqKXhbo3>
Case #21: Djk=zG$]rg
Case #22: :W9~Q1`}mA
Case #23: 'ql*z\!J{&
Case #24: yiAMw3Q{%'
Case #25: W=oq7}QQw+
Case #26: Ue@O6kn#|9
Case #27: {DAEI3~yqd
Case #28: R,PBOculTI
Case #29: (PxNV~2f>x
Case #30: K(\QRqCo#d
Case #31: AE1'5'wGuA
Case #32: !E{55)JQ2y
Case #33: ;[m'37MG=?
Case #34: v59m|&1];F
Case #35: DQEy^GyE9/
Case #36: oY#mUs+_-i
Case #37: 5oyE='I1%}
Case #38: ZY97tE'dL/
Case #39: ~Kx=9WAV6_
Case #40: pfB:66X.~,
Case #41: H3B8[pNo`p
Case #42: >*|`0B4blT
Case #43: /}7s1a{_s-
Case #44: >.fpRXpBVL
Case #45: 3=W+msQu)!
Case #46: SYeocqAQu{
Case #47: q)Ew{1yWUE
Case #48: OK)A+[-)=G
Case #49: wS>[OdJ=5L
Case #50: ?=YCg#7+k?
Case #51: iwmQT/6A(j
Case #52: ~PeJ:BfnAR
Case #53: E6HmMjk0B.
Case #54: gD}{Dqmixk
Case #55: Eqki?W[}{a
Case #56: ~dIFJ)DE8.
Case #57: u7EQ_'kQkk
Case #58: UM3wSC-7]1
Case #59: &Pb*x22"J|
Case #60: KC;M!;y)?_
Case #61: "$z0FXf6XV
Case #62: Gbc`h`s(_M
Case #63: dT"2`t(xnf
Case #64: I3{!YaI)U3
Case #65: $lDrNxj@Dp
Case #66: ;3#]?k%cK;
Case #67: TO{#X.d(w{
Case #68: ku;MQ?'[ES
Case #69: U}9uG&3zKY
Case #70: ci]q-WA]%g
Case #71: aoW{-UAwK]
Case #72: {[1KGO'yGw
Case #73: R|RP6Rhzl$
Case #74: u%yjx.M)Wy
Case #75: {-uOP_$GG:
Case #76: AICY'?'KI3
Case #77: .4R2r,^nrD
Case #78: $(kv;M(XmS
Case #79: UP*0<s]r7.
Case #80: @F0d(XbDHX
Case #81: Zt2NNf<Rv\
Case #82: 9[Kik+'Y)K
Case #83: MU/9GoY!C5
Case #84: _2OZ&+ufYB
Case #85: g3Q{9Y3;-O
Case #86: lhHH(jTB|p
Case #87: e?augwagQ3
Case #88: w@2o"/.;)L
Case #89: y'!Q1{k%!5
Case #90: '\h.S_#cck
Case #91: IT2R&Alt|.
Case #92: iywOA5-q1M
Case #93: J8f0`Bf2..
Case #94: |Fx".W!~~a
Case #95: &wF,S|DA!.
Case #96: 7K1'Y[7a}w
Case #97: {UA]}7Au#W
Case #98: y#Cuu'mY7s
Case #99: 4=6+dWcXis
Case #100: .zj3"i0oMr
Case #101: aQE[QMw-Se
Case #102: c-g(Y4/a>R
Case #103: caGIC;3E7%
Case #104: hR,LL@d:\x
Case #105: bQbQJr;Jj(
Case #106: ]MCUM{Eu;C
Case #107: nBJ4xFlXz2
Case #108: yM)GKyo1][
Case #109: 5#3UEw}OKG
Case #110: `\L2(4h$8@
Case #111: =WU)UuOa}1
Case #112: <!Pg6#l%@4
Case #113: uH#HVItF1J
Case #114: \~w;a-a"n2
Case #115: {wqO]1Kc+I
Case #116: !+9ciM37[u
Case #117: 'Dl'(!)@1m
Case #118: $eMuhE/F0#
Case #119: [@^wDL&WEq
Case #120: ScW;}_+=oE
Case #121: @IvFG,3,yY
Case #122: ("_Y>tZ8VH
Case #123: $E#nF<MuQi
Case #124: )Aom35_C[o
Case #125: Az<xE3j2lW
Case #126: )DdmeKiXWC
Case #127: kq_|HkEkMx
Case #128: 6J`8Nf$RH:
Case #129: *r`n^DS+:8
Case #130: iS9e{1!cA?
Case #131: m7sa]Ww!s_
Case #132: Q#C#j"a,b\
Case #133: 6yyvf?)xW7
Case #134: JvL0vPr`dl
Case #135: [T!pp^+^9A
Case #136: dXxDjVL2t$
Case #137: kF#&g\aV}=
Case #138: fH=fRp3CX5
Case #139: (kjM!{,p`0
Case #140: GRE5_zVv4.
Case #141: xKL'~hR^}*
Case #142: Na'qGi%eJb
Case #143: RaLI,_N-Dp
Case #144: cmUUos;Qu#
Case #145: 5ao%uK!'3[
Case #146: uW!)u;[+7_
Case #147: 3<^|~Yk]~~
Case #148: E[})o;/U+!
Case #149: YKsu]{]W!G
Case #150: g6WEa,R])n
Case #151: JIK!]'oYe)
Case #152: 4<n,2x,r&2
Case #153: ifc<*L[lF,
Case #154: Pg(8ml,FBV
Case #155: S\u6.K!."-
Case #156: ?Gi7qKg]s1
Case #157: ?k+ymiAi5?
Case #158: H"6r@B26^~
Case #159: X{z/OymvQj
Case #160: kBB>U4(ZHF
Case #161: #x/',ej,k~
Case #162: @Hf.&|x*4^
Case #163: 51b72#?!S(
Case #164: AGoc%ae'O7
Case #165: I1#|P\YZC=
Case #166: "PgB&2C2'#
Case #167: WOwqiIsy}U
Case #168: ;WO[1M'u;5
Case #169: VpzzpddbXf
Case #170: ;2Q9F>{3`|
Case #171: 5kW[uc1eY/
Case #172: IGep8g$ed2
Case #173: %+f=FXXV.:
Case #174: SCGm_y#eQk
Case #175: 'k=2#oR*_M
Case #176: 9c}/7?{a]k
Case #177: C[!'?g+Qe[
Case #178: m.JG<<p{r"
Case #179: )E4tyr$*o)
Case #180: ~f|0N2H"$r
Case #181: CmG;iC=1}#
Case #182: AmWq9%+yu=
Case #183: _}MS}Yo){I
Case #184: _eYsHQ,_]&
Case #185: jd\TBZL|DH
Case #186: .)qwF-\[x<
Case #187: u?!#A5Uc)/
Case #188: FHf6>T&F*l
Case #189: |hnFBXD46<
Case #190: F$xTv\h0|L
Case #191: s"Wi02|3U*
Case #192: >0VJnp~XP`
Case #193: NV.*njh$jl